//----------------------------------------------------------------------------//
// Generated by LegUp High-Level Synthesis Tool Version 4.0 (http://legup.org)
// Compiled: Tue Aug 29 18:59:51 2023
// University of Toronto
// For research and academic purposes only. Commercial use is prohibited.
// Please send bugs to: legup@eecg.toronto.edu
// Date: Thu Sep 21 15:35:52 2023
//----------------------------------------------------------------------------//

-------------------------- Datapath Operation Usage --------------------------

Operation "unknown" x 375 
Operation "bitwise_OR_32" x 1 
Operation "shift_ra_32" x 4 
Operation "signed_add_32" x 91 
Operation "signed_comp_eq_32" x 31 
Operation "signed_comp_eq_mux_32" x 23 
Operation "signed_comp_gt_32" x 20 
Operation "signed_comp_lt_32" x 13 
Operation "signed_divide_32" x 2 
Operation "signed_multiply_32" x 43 
Operation "signed_multiply_nodsp_32" x 24 
Operation "signed_subtract_32" x 26 

----------------------------- General Information -----------------------------

Number of declared variables in main: 624
Critical path contains operation: signed_divide_32

------------------------------ Resource Estimate ------------------------------

Fmax: 12 MHz
Note: Assuming only 87 DSPs available
Warning: These estimates don't account for binding yet!
Logic Elements: 26617
    Combinational: 20041
    Registers: 17984
DSP Elements: 86
