//----------------------------------------------------------------------------//
// Generated by LegUp High-Level Synthesis Tool Version 4.0 (http://legup.org)
// Compiled: Tue Aug 29 18:59:51 2023
// University of Toronto
// For research and academic purposes only. Commercial use is prohibited.
// Please send bugs to: legup@eecg.toronto.edu
// Date: Thu Sep 21 15:35:49 2023
//----------------------------------------------------------------------------//

Target Family: CycloneV
Clock period constraint: 2.000000e+01ns
Start Function: main
state: LEGUP_0
   br label %1
   Transition: if (start): LEGUP_F_main_BB__1_1 default: LEGUP_0
state: LEGUP_F_main_BB__1_1
   %2 = phi i32 [ 0, %0 ], [ %4, %3 ] (endState: LEGUP_F_main_BB__1_1)
   %exitcond86 = icmp eq i32 %2, 6 (endState: LEGUP_F_main_BB__1_1)
   br i1 %exitcond86, label %.preheader49.preheader, label %3
   Transition: if (%exitcond86): LEGUP_F_main_BB_preheader49preheader_2 default: LEGUP_F_main_BB__3_3
state: LEGUP_F_main_BB_preheader49preheader_2
   br label %.preheader49
   Transition: default: LEGUP_F_main_BB_preheader49_6
state: LEGUP_F_main_BB__3_3
   %scevgep90 = getelementptr [6 x i32]* @delay_dltx, i32 0, i32 %2 (endState: LEGUP_F_main_BB__3_3)
   %scevgep89 = getelementptr [6 x i32]* @delay_dhx, i32 0, i32 %2 (endState: LEGUP_F_main_BB__3_3)
   %scevgep88 = getelementptr [6 x i32]* @dec_del_dltx, i32 0, i32 %2 (endState: LEGUP_F_main_BB__3_3)
   %scevgep87 = getelementptr [6 x i32]* @dec_del_dhx, i32 0, i32 %2 (endState: LEGUP_F_main_BB__3_3)
   store i32 0, i32* %scevgep90, align 4 (endState: LEGUP_F_main_BB__3_4)
   store i32 0, i32* %scevgep89, align 4 (endState: LEGUP_F_main_BB__3_4)
   %4 = add nsw i32 %2, 1 (endState: LEGUP_F_main_BB__3_3)
   Transition: default: LEGUP_F_main_BB__3_4
state: LEGUP_F_main_BB__3_4
   store i32 0, i32* %scevgep88, align 4 (endState: LEGUP_F_main_BB__3_5)
   store i32 0, i32* %scevgep87, align 4 (endState: LEGUP_F_main_BB__3_5)
   Transition: default: LEGUP_F_main_BB__3_5
state: LEGUP_F_main_BB__3_5
   br label %1
   Transition: default: LEGUP_F_main_BB__1_1
state: LEGUP_F_main_BB_preheader49_6
   %5 = phi i32 [ %7, %6 ], [ 0, %.preheader49.preheader ] (endState: LEGUP_F_main_BB_preheader49_6)
   %exitcond81 = icmp eq i32 %5, 6 (endState: LEGUP_F_main_BB_preheader49_6)
   br i1 %exitcond81, label %.preheader48.preheader, label %6
   Transition: if (%exitcond81): LEGUP_F_main_BB_preheader48preheader_7 default: LEGUP_F_main_BB__6_8
state: LEGUP_F_main_BB_preheader48preheader_7
   br label %.preheader48
   Transition: default: LEGUP_F_main_BB_preheader48_11
state: LEGUP_F_main_BB__6_8
   %scevgep85 = getelementptr [6 x i32]* @delay_bpl, i32 0, i32 %5 (endState: LEGUP_F_main_BB__6_8)
   %scevgep84 = getelementptr [6 x i32]* @delay_bph, i32 0, i32 %5 (endState: LEGUP_F_main_BB__6_8)
   %scevgep83 = getelementptr [6 x i32]* @dec_del_bpl, i32 0, i32 %5 (endState: LEGUP_F_main_BB__6_8)
   %scevgep82 = getelementptr [6 x i32]* @dec_del_bph, i32 0, i32 %5 (endState: LEGUP_F_main_BB__6_8)
   store i32 0, i32* %scevgep85, align 4 (endState: LEGUP_F_main_BB__6_9)
   store i32 0, i32* %scevgep84, align 4 (endState: LEGUP_F_main_BB__6_9)
   %7 = add nsw i32 %5, 1 (endState: LEGUP_F_main_BB__6_8)
   Transition: default: LEGUP_F_main_BB__6_9
state: LEGUP_F_main_BB__6_9
   store i32 0, i32* %scevgep83, align 4 (endState: LEGUP_F_main_BB__6_10)
   store i32 0, i32* %scevgep82, align 4 (endState: LEGUP_F_main_BB__6_10)
   Transition: default: LEGUP_F_main_BB__6_10
state: LEGUP_F_main_BB__6_10
   br label %.preheader49
   Transition: default: LEGUP_F_main_BB_preheader49_6
state: LEGUP_F_main_BB_preheader48_11
   %8 = phi i32 [ %10, %9 ], [ 0, %.preheader48.preheader ] (endState: LEGUP_F_main_BB_preheader48_11)
   %exitcond79 = icmp eq i32 %8, 24 (endState: LEGUP_F_main_BB_preheader48_11)
   br i1 %exitcond79, label %.preheader47.preheader, label %9
   Transition: if (%exitcond79): LEGUP_F_main_BB_preheader47preheader_12 default: LEGUP_F_main_BB__9_13
state: LEGUP_F_main_BB_preheader47preheader_12
   br label %.preheader47
   Transition: default: LEGUP_F_main_BB_preheader47_15
state: LEGUP_F_main_BB__9_13
   %scevgep80 = getelementptr [24 x i32]* @tqmf, i32 0, i32 %8 (endState: LEGUP_F_main_BB__9_13)
   store i32 0, i32* %scevgep80, align 4 (endState: LEGUP_F_main_BB__9_14)
   %10 = add nsw i32 %8, 1 (endState: LEGUP_F_main_BB__9_13)
   Transition: default: LEGUP_F_main_BB__9_14
state: LEGUP_F_main_BB__9_14
   br label %.preheader48
   Transition: default: LEGUP_F_main_BB_preheader48_11
state: LEGUP_F_main_BB_preheader47_15
   %11 = phi i32 [ %13, %12 ], [ 0, %.preheader47.preheader ] (endState: LEGUP_F_main_BB_preheader47_15)
   %exitcond76 = icmp eq i32 %11, 11 (endState: LEGUP_F_main_BB_preheader47_15)
   br i1 %exitcond76, label %reset.exit.i.preheader, label %12
   Transition: if (%exitcond76): LEGUP_F_main_BB_resetexitipreheader_16 default: LEGUP_F_main_BB__12_17
state: LEGUP_F_main_BB_resetexitipreheader_16
   br label %reset.exit.i
   Transition: default: LEGUP_F_main_BB_resetexiti_19
state: LEGUP_F_main_BB__12_17
   %scevgep78 = getelementptr [11 x i32]* @accumc, i32 0, i32 %11 (endState: LEGUP_F_main_BB__12_17)
   %scevgep77 = getelementptr [11 x i32]* @accumd, i32 0, i32 %11 (endState: LEGUP_F_main_BB__12_17)
   store i32 0, i32* %scevgep78, align 4 (endState: LEGUP_F_main_BB__12_18)
   store i32 0, i32* %scevgep77, align 4 (endState: LEGUP_F_main_BB__12_18)
   %13 = add nsw i32 %11, 1 (endState: LEGUP_F_main_BB__12_17)
   Transition: default: LEGUP_F_main_BB__12_18
state: LEGUP_F_main_BB__12_18
   br label %.preheader47
   Transition: default: LEGUP_F_main_BB_preheader47_15
state: LEGUP_F_main_BB_resetexiti_19
   %indvar71 = phi i32 [ 0, %reset.exit.i.preheader ], [ %indvar.next72, %uppol2.exit23 ] (endState: LEGUP_F_main_BB_resetexiti_19)
   %rlt1.0 = phi i32 [ 0, %reset.exit.i.preheader ], [ %164, %uppol2.exit23 ] (endState: LEGUP_F_main_BB_resetexiti_19)
   %al1.0 = phi i32 [ 0, %reset.exit.i.preheader ], [ %apl1.i11.i4.i.2, %uppol2.exit23 ] (endState: LEGUP_F_main_BB_resetexiti_19)
   %rlt2.0 = phi i32 [ 0, %reset.exit.i.preheader ], [ %rlt1.0, %uppol2.exit23 ] (endState: LEGUP_F_main_BB_resetexiti_19)
   %al2.0 = phi i32 [ 0, %reset.exit.i.preheader ], [ %145, %uppol2.exit23 ] (endState: LEGUP_F_main_BB_resetexiti_19)
   %detl.0 = phi i32 [ 32, %reset.exit.i.preheader ], [ %106, %uppol2.exit23 ] (endState: LEGUP_F_main_BB_resetexiti_19)
   %il.0 = phi i32 [ 0, %reset.exit.i.preheader ], [ %ril.i.i.i.0, %uppol2.exit23 ] (endState: LEGUP_F_main_BB_resetexiti_19)
   %nbl.0 = phi i32 [ 0, %reset.exit.i.preheader ], [ %.0470, %uppol2.exit23 ] (endState: LEGUP_F_main_BB_resetexiti_19)
   %plt1.0 = phi i32 [ 0, %reset.exit.i.preheader ], [ %107, %uppol2.exit23 ] (endState: LEGUP_F_main_BB_resetexiti_19)
   %plt2.0 = phi i32 [ 0, %reset.exit.i.preheader ], [ %plt1.0, %uppol2.exit23 ] (endState: LEGUP_F_main_BB_resetexiti_19)
   %rh1.0 = phi i32 [ 0, %reset.exit.i.preheader ], [ %249, %uppol2.exit23 ] (endState: LEGUP_F_main_BB_resetexiti_19)
   %ah1.0 = phi i32 [ 0, %reset.exit.i.preheader ], [ %apl1.i.i18.i.2, %uppol2.exit23 ] (endState: LEGUP_F_main_BB_resetexiti_19)
   %rh2.0 = phi i32 [ 0, %reset.exit.i.preheader ], [ %rh1.0, %uppol2.exit23 ] (endState: LEGUP_F_main_BB_resetexiti_19)
   %ah2.0 = phi i32 [ 0, %reset.exit.i.preheader ], [ %239, %uppol2.exit23 ] (endState: LEGUP_F_main_BB_resetexiti_19)
   %deth.0 = phi i32 [ 8, %reset.exit.i.preheader ], [ %200, %uppol2.exit23 ] (endState: LEGUP_F_main_BB_resetexiti_19)
   %nbh.0 = phi i32 [ 0, %reset.exit.i.preheader ], [ %.0469, %uppol2.exit23 ] (endState: LEGUP_F_main_BB_resetexiti_19)
   %ph1.0 = phi i32 [ 0, %reset.exit.i.preheader ], [ %201, %uppol2.exit23 ] (endState: LEGUP_F_main_BB_resetexiti_19)
   %ph2.0 = phi i32 [ 0, %reset.exit.i.preheader ], [ %ph1.0, %uppol2.exit23 ] (endState: LEGUP_F_main_BB_resetexiti_19)
   %i.i.0 = shl i32 %indvar71, 1 (endState: LEGUP_F_main_BB_resetexiti_19)
   %exitcond73 = icmp eq i32 %indvar71, 50 (endState: LEGUP_F_main_BB_resetexiti_19)
   br i1 %exitcond73, label %254, label %14
   Transition: if (%exitcond73): LEGUP_F_main_BB__254_166 default: LEGUP_F_main_BB__14_20
state: LEGUP_F_main_BB__14_20
   %scevgep75 = getelementptr [100 x i32]* @test_data, i32 0, i32 %i.i.0 (endState: LEGUP_F_main_BB__14_20)
   %15 = or i32 %i.i.0, 1 (endState: LEGUP_F_main_BB__14_20)
   %scevgep74 = getelementptr [100 x i32]* @test_data, i32 0, i32 %15 (endState: LEGUP_F_main_BB__14_20)
   %18 = load i32* getelementptr inbounds ([24 x i32]* @tqmf, i32 0, i32 0), align 4 (endState: LEGUP_F_main_BB__14_22)
   %20 = load i32* getelementptr inbounds ([24 x i32]* @tqmf, i32 0, i32 1), align 4 (endState: LEGUP_F_main_BB__14_22)
   Transition: default: LEGUP_F_main_BB__14_21
state: LEGUP_F_main_BB__14_21
   %16 = load i32* %scevgep75, align 4 (endState: LEGUP_F_main_BB__14_23)
   %17 = load i32* %scevgep74, align 4 (endState: LEGUP_F_main_BB__14_23)
   Transition: default: LEGUP_F_main_BB__14_22
state: LEGUP_F_main_BB__14_22
   %19 = mul nsw i32 %18, 12 (endState: LEGUP_F_main_BB__14_23)
   %21 = mul nsw i32 %20, -44 (endState: LEGUP_F_main_BB__14_23)
   Transition: default: LEGUP_F_main_BB__14_23
state: LEGUP_F_main_BB__14_23
   br label %22
   Transition: default: LEGUP_F_main_BB__22_24
state: LEGUP_F_main_BB__22_24
   %23 = phi i32 [ 0, %14 ], [ %36, %27 ] (endState: LEGUP_F_main_BB__22_24)
   %xa.i.i.0 = phi i32 [ %19, %14 ], [ %31, %27 ] (endState: LEGUP_F_main_BB__22_24)
   %xb.i.i.0 = phi i32 [ %21, %14 ], [ %35, %27 ] (endState: LEGUP_F_main_BB__22_24)
   %24 = shl i32 %23, 1 (endState: LEGUP_F_main_BB__22_24)
   %25 = add i32 %24, 2 (endState: LEGUP_F_main_BB__22_24)
   %26 = add i32 %24, 3 (endState: LEGUP_F_main_BB__22_24)
   %exitcond42 = icmp eq i32 %23, 10 (endState: LEGUP_F_main_BB__22_24)
   br i1 %exitcond42, label %37, label %27
   Transition: if (%exitcond42): LEGUP_F_main_BB__37_30 default: LEGUP_F_main_BB__27_25
state: LEGUP_F_main_BB__27_25
   %scevgep46 = getelementptr [24 x i32]* @tqmf, i32 0, i32 %26 (endState: LEGUP_F_main_BB__27_25)
   %tqmf_ptr.i.i.0 = getelementptr [24 x i32]* @tqmf, i32 0, i32 %25 (endState: LEGUP_F_main_BB__27_25)
   %scevgep44 = getelementptr [24 x i32]* @h, i32 0, i32 %26 (endState: LEGUP_F_main_BB__27_25)
   %h_ptr.i22.i.0 = getelementptr [24 x i32]* @h, i32 0, i32 %25 (endState: LEGUP_F_main_BB__27_25)
   %28 = load i32* %tqmf_ptr.i.i.0, align 4 (endState: LEGUP_F_main_BB__27_27)
   %29 = load i32* %h_ptr.i22.i.0, align 4 (endState: LEGUP_F_main_BB__27_27)
   %36 = add nsw i32 %23, 1 (endState: LEGUP_F_main_BB__27_25)
   Transition: default: LEGUP_F_main_BB__27_26
state: LEGUP_F_main_BB__27_26
   %32 = load i32* %scevgep46, align 4 (endState: LEGUP_F_main_BB__27_28)
   %33 = load i32* %scevgep44, align 4 (endState: LEGUP_F_main_BB__27_28)
   Transition: default: LEGUP_F_main_BB__27_27
state: LEGUP_F_main_BB__27_27
   %30 = mul nsw i32 %28, %29 (endState: LEGUP_F_main_BB__27_28)
   Transition: default: LEGUP_F_main_BB__27_28
state: LEGUP_F_main_BB__27_28
   %31 = add nsw i32 %xa.i.i.0, %30 (endState: LEGUP_F_main_BB__27_28)
   %34 = mul nsw i32 %32, %33 (endState: LEGUP_F_main_BB__27_29)
   Transition: default: LEGUP_F_main_BB__27_29
state: LEGUP_F_main_BB__27_29
   %35 = add nsw i32 %xb.i.i.0, %34 (endState: LEGUP_F_main_BB__27_29)
   br label %22
   Transition: default: LEGUP_F_main_BB__22_24
state: LEGUP_F_main_BB__37_30
   %38 = load i32* getelementptr inbounds ([24 x i32]* @tqmf, i32 0, i32 22), align 4 (endState: LEGUP_F_main_BB__37_32)
   %39 = load i32* getelementptr inbounds ([24 x i32]* @tqmf, i32 0, i32 23), align 4 (endState: LEGUP_F_main_BB__37_32)
   Transition: default: LEGUP_F_main_BB__37_31
state: LEGUP_F_main_BB__37_31
   Transition: default: LEGUP_F_main_BB__37_32
state: LEGUP_F_main_BB__37_32
   br label %40
   Transition: default: LEGUP_F_main_BB__40_33
state: LEGUP_F_main_BB__40_33
   %41 = phi i32 [ 0, %37 ], [ %46, %42 ] (endState: LEGUP_F_main_BB__40_33)
   %exitcond47 = icmp eq i32 %41, 22 (endState: LEGUP_F_main_BB__40_33)
   br i1 %exitcond47, label %47, label %42
   Transition: if (%exitcond47): LEGUP_F_main_BB__47_39 default: LEGUP_F_main_BB__42_34
state: LEGUP_F_main_BB__42_34
   %43 = sub i32 21, %41 (endState: LEGUP_F_main_BB__42_34)
   %44 = sub i32 23, %41 (endState: LEGUP_F_main_BB__42_34)
   %46 = add nsw i32 %41, 1 (endState: LEGUP_F_main_BB__42_34)
   Transition: default: LEGUP_F_main_BB__42_35
state: LEGUP_F_main_BB__42_35
   %tqmf_ptr1.i.i.0 = getelementptr [24 x i32]* @tqmf, i32 0, i32 %43 (endState: LEGUP_F_main_BB__42_35)
   %tqmf_ptr.i.i.1 = getelementptr [24 x i32]* @tqmf, i32 0, i32 %44 (endState: LEGUP_F_main_BB__42_35)
   %45 = load i32* %tqmf_ptr1.i.i.0, align 4 (endState: LEGUP_F_main_BB__42_37)
   Transition: default: LEGUP_F_main_BB__42_36
state: LEGUP_F_main_BB__42_36
   Transition: default: LEGUP_F_main_BB__42_37
state: LEGUP_F_main_BB__42_37
   store i32 %45, i32* %tqmf_ptr.i.i.1, align 4 (endState: LEGUP_F_main_BB__42_38)
   Transition: default: LEGUP_F_main_BB__42_38
state: LEGUP_F_main_BB__42_38
   br label %40
   Transition: default: LEGUP_F_main_BB__40_33
state: LEGUP_F_main_BB__47_39
   %48 = mul nsw i32 %38, -44 (endState: LEGUP_F_main_BB__47_40)
   store i32 %16, i32* getelementptr inbounds ([24 x i32]* @tqmf, i32 0, i32 1), align 4 (endState: LEGUP_F_main_BB__47_40)
   store i32 %17, i32* getelementptr inbounds ([24 x i32]* @tqmf, i32 0, i32 0), align 4 (endState: LEGUP_F_main_BB__47_40)
   Transition: default: LEGUP_F_main_BB__47_40
state: LEGUP_F_main_BB__47_40
   %49 = load i32* getelementptr inbounds ([6 x i32]* @delay_bpl, i32 0, i32 0), align 4 (endState: LEGUP_F_main_BB__47_42)
   %50 = load i32* getelementptr inbounds ([6 x i32]* @delay_dltx, i32 0, i32 0), align 4 (endState: LEGUP_F_main_BB__47_42)
   Transition: default: LEGUP_F_main_BB__47_41
state: LEGUP_F_main_BB__47_41
   Transition: default: LEGUP_F_main_BB__47_42
state: LEGUP_F_main_BB__47_42
   %51 = mul nsw i32 %49, %50 (endState: LEGUP_F_main_BB__47_43)
   Transition: default: LEGUP_F_main_BB__47_43
state: LEGUP_F_main_BB__47_43
   br label %52
   Transition: default: LEGUP_F_main_BB__52_44
state: LEGUP_F_main_BB__52_44
   %indvar50 = phi i32 [ %indvar.next51, %53 ], [ 0, %47 ] (endState: LEGUP_F_main_BB__52_44)
   %zl.i.i20.i.0 = phi i32 [ %57, %53 ], [ %51, %47 ] (endState: LEGUP_F_main_BB__52_44)
   %i.i.i19.i.0 = add i32 %indvar50, 1 (endState: LEGUP_F_main_BB__52_44)
   %exitcond52 = icmp eq i32 %indvar50, 5 (endState: LEGUP_F_main_BB__52_44)
   br i1 %exitcond52, label %filtez.exit.i23.i, label %53
   Transition: if (%exitcond52): LEGUP_F_main_BB_filtezexiti23i_49 default: LEGUP_F_main_BB__53_45
state: LEGUP_F_main_BB__53_45
   %.0467 = getelementptr [6 x i32]* @delay_dltx, i32 0, i32 %i.i.i19.i.0 (endState: LEGUP_F_main_BB__53_45)
   %.0468 = getelementptr [6 x i32]* @delay_bpl, i32 0, i32 %i.i.i19.i.0 (endState: LEGUP_F_main_BB__53_45)
   %54 = load i32* %.0468, align 4 (endState: LEGUP_F_main_BB__53_47)
   %55 = load i32* %.0467, align 4 (endState: LEGUP_F_main_BB__53_47)
   %indvar.next51 = add i32 %indvar50, 1 (endState: LEGUP_F_main_BB__53_45)
   Transition: default: LEGUP_F_main_BB__53_46
state: LEGUP_F_main_BB__53_46
   Transition: default: LEGUP_F_main_BB__53_47
state: LEGUP_F_main_BB__53_47
   %56 = mul nsw i32 %54, %55 (endState: LEGUP_F_main_BB__53_48)
   Transition: default: LEGUP_F_main_BB__53_48
state: LEGUP_F_main_BB__53_48
   %57 = add nsw i32 %zl.i.i20.i.0, %56 (endState: LEGUP_F_main_BB__53_48)
   br label %52
   Transition: default: LEGUP_F_main_BB__52_44
state: LEGUP_F_main_BB_filtezexiti23i_49
   %58 = add nsw i32 %xa.i.i.0, %48 (endState: LEGUP_F_main_BB_filtezexiti23i_49)
   %59 = mul nsw i32 %39, 12 (endState: LEGUP_F_main_BB_filtezexiti23i_50)
   %65 = ashr i32 %zl.i.i20.i.0, 14 (endState: LEGUP_F_main_BB_filtezexiti23i_49)
   %66 = shl nsw i32 %rlt1.0, 1 (endState: LEGUP_F_main_BB_filtezexiti23i_49)
   %67 = mul nsw i32 %al1.0, %66 (endState: LEGUP_F_main_BB_filtezexiti23i_50)
   %68 = shl nsw i32 %rlt2.0, 1 (endState: LEGUP_F_main_BB_filtezexiti23i_49)
   %69 = mul nsw i32 %al2.0, %68 (endState: LEGUP_F_main_BB_filtezexiti23i_50)
   Transition: default: LEGUP_F_main_BB_filtezexiti23i_50
state: LEGUP_F_main_BB_filtezexiti23i_50
   %60 = add nsw i32 %xb.i.i.0, %59 (endState: LEGUP_F_main_BB_filtezexiti23i_50)
   %61 = add nsw i32 %58, %60 (endState: LEGUP_F_main_BB_filtezexiti23i_50)
   %62 = sub nsw i32 %58, %60 (endState: LEGUP_F_main_BB_filtezexiti23i_50)
   %63 = ashr i32 %61, 15 (endState: LEGUP_F_main_BB_filtezexiti23i_50)
   %64 = ashr i32 %62, 15 (endState: LEGUP_F_main_BB_filtezexiti23i_50)
   %70 = add nsw i32 %67, %69 (endState: LEGUP_F_main_BB_filtezexiti23i_50)
   %71 = ashr i32 %70, 15 (endState: LEGUP_F_main_BB_filtezexiti23i_50)
   %72 = add nsw i32 %65, %71 (endState: LEGUP_F_main_BB_filtezexiti23i_50)
   %73 = sub nsw i32 %63, %72 (endState: LEGUP_F_main_BB_filtezexiti23i_50)
   %74 = icmp sgt i32 %73, -1 (endState: LEGUP_F_main_BB_filtezexiti23i_50)
   %75 = sub nsw i32 0, %73 (endState: LEGUP_F_main_BB_filtezexiti23i_50)
   %. = select i1 %74, i32 %73, i32 %75 (endState: LEGUP_F_main_BB_filtezexiti23i_50)
   br label %76
   Transition: default: LEGUP_F_main_BB__76_51
state: LEGUP_F_main_BB__76_51
   %77 = phi i32 [ 0, %filtez.exit.i23.i ], [ %85, %84 ] (endState: LEGUP_F_main_BB__76_51)
   %78 = icmp slt i32 %77, 30 (endState: LEGUP_F_main_BB__76_51)
   br i1 %78, label %79, label %quantl.exit.i.i
   Transition: if (%78): LEGUP_F_main_BB__79_52 default: LEGUP_F_main_BB_quantlexitii_57
state: LEGUP_F_main_BB__79_52
   %scevgep55 = getelementptr [30 x i32]* @decis_levl, i32 0, i32 %77 (endState: LEGUP_F_main_BB__79_52)
   %80 = load i32* %scevgep55, align 4 (endState: LEGUP_F_main_BB__79_54)
   Transition: default: LEGUP_F_main_BB__79_53
state: LEGUP_F_main_BB__79_53
   Transition: default: LEGUP_F_main_BB__79_54
state: LEGUP_F_main_BB__79_54
   %81 = mul nsw i32 %80, %detl.0 (endState: LEGUP_F_main_BB__79_55)
   Transition: default: LEGUP_F_main_BB__79_55
state: LEGUP_F_main_BB__79_55
   %82 = ashr i32 %81, 15 (endState: LEGUP_F_main_BB__79_55)
   %83 = icmp sgt i32 %., %82 (endState: LEGUP_F_main_BB__79_55)
   br i1 %83, label %84, label %quantl.exit.i.i
   Transition: if (%83): LEGUP_F_main_BB__84_56 default: LEGUP_F_main_BB_quantlexitii_57
state: LEGUP_F_main_BB__84_56
   %85 = add nsw i32 %77, 1 (endState: LEGUP_F_main_BB__84_56)
   br label %76
   Transition: default: LEGUP_F_main_BB__76_51
state: LEGUP_F_main_BB_quantlexitii_57
   %quant26bt_pos.quant26bt_neg = select i1 %74, [31 x i32]* @quant26bt_pos, [31 x i32]* @quant26bt_neg (endState: LEGUP_F_main_BB_quantlexitii_57)
   %91 = mul nsw i32 %nbl.0, 127 (endState: LEGUP_F_main_BB_quantlexitii_58)
   Transition: default: LEGUP_F_main_BB_quantlexitii_58
state: LEGUP_F_main_BB_quantlexitii_58
   %ril.i.i.i.0.in = getelementptr inbounds [31 x i32]* %quant26bt_pos.quant26bt_neg, i32 0, i32 %77 (endState: LEGUP_F_main_BB_quantlexitii_58)
   %ril.i.i.i.0 = load i32* %ril.i.i.i.0.in, align 4 (endState: LEGUP_F_main_BB_quantlexitii_60)
   %92 = ashr i32 %91, 7 (endState: LEGUP_F_main_BB_quantlexitii_58)
   Transition: default: LEGUP_F_main_BB_quantlexitii_59
state: LEGUP_F_main_BB_quantlexitii_59
   Transition: default: LEGUP_F_main_BB_quantlexitii_60
state: LEGUP_F_main_BB_quantlexitii_60
   %86 = ashr i32 %ril.i.i.i.0, 2 (endState: LEGUP_F_main_BB_quantlexitii_60)
   %87 = getelementptr inbounds [16 x i32]* @qq4_code4_table, i32 0, i32 %86 (endState: LEGUP_F_main_BB_quantlexitii_60)
   %88 = load i32* %87, align 4 (endState: LEGUP_F_main_BB_quantlexitii_62)
   %93 = getelementptr inbounds [16 x i32]* @wl_code_table, i32 0, i32 %86 (endState: LEGUP_F_main_BB_quantlexitii_60)
   %94 = load i32* %93, align 4 (endState: LEGUP_F_main_BB_quantlexitii_62)
   Transition: default: LEGUP_F_main_BB_quantlexitii_61
state: LEGUP_F_main_BB_quantlexitii_61
   Transition: default: LEGUP_F_main_BB_quantlexitii_62
state: LEGUP_F_main_BB_quantlexitii_62
   %89 = mul nsw i32 %detl.0, %88 (endState: LEGUP_F_main_BB_quantlexitii_63)
   %95 = add nsw i32 %92, %94 (endState: LEGUP_F_main_BB_quantlexitii_62)
   %96 = icmp slt i32 %95, 0 (endState: LEGUP_F_main_BB_quantlexitii_62)
   Transition: default: LEGUP_F_main_BB_quantlexitii_63
state: LEGUP_F_main_BB_quantlexitii_63
   %90 = ashr i32 %89, 15 (endState: LEGUP_F_main_BB_quantlexitii_63)
   br i1 %96, label %logscl.exit.i24.i, label %97
   Transition: if (%96): LEGUP_F_main_BB_logsclexiti24i_65 default: LEGUP_F_main_BB__97_64
state: LEGUP_F_main_BB__97_64
   %98 = icmp sgt i32 %95, 18432 (endState: LEGUP_F_main_BB__97_64)
   %.488 = select i1 %98, i32 18432, i32 %95 (endState: LEGUP_F_main_BB__97_64)
   br label %logscl.exit.i24.i
   Transition: default: LEGUP_F_main_BB_logsclexiti24i_65
state: LEGUP_F_main_BB_logsclexiti24i_65
   %.0470 = phi i32 [ 0, %quantl.exit.i.i ], [ %.488, %97 ] (endState: LEGUP_F_main_BB_logsclexiti24i_65)
   %99 = lshr i32 %.0470, 6 (endState: LEGUP_F_main_BB_logsclexiti24i_65)
   %100 = and i32 %99, 31 (endState: LEGUP_F_main_BB_logsclexiti24i_65)
   %101 = ashr i32 %.0470, 11 (endState: LEGUP_F_main_BB_logsclexiti24i_65)
   %102 = getelementptr inbounds [32 x i32]* @ilb_table, i32 0, i32 %100 (endState: LEGUP_F_main_BB_logsclexiti24i_65)
   %103 = load i32* %102, align 4 (endState: LEGUP_F_main_BB_logsclexiti24i_67)
   %104 = sub nsw i32 9, %101 (endState: LEGUP_F_main_BB_logsclexiti24i_65)
   %107 = add nsw i32 %90, %65 (endState: LEGUP_F_main_BB_logsclexiti24i_65)
   %108 = icmp eq i32 %90, 0 (endState: LEGUP_F_main_BB_logsclexiti24i_65)
   Transition: default: LEGUP_F_main_BB_logsclexiti24i_66
state: LEGUP_F_main_BB_logsclexiti24i_66
   Transition: default: LEGUP_F_main_BB_logsclexiti24i_67
state: LEGUP_F_main_BB_logsclexiti24i_67
   %105 = ashr i32 %103, %104 (endState: LEGUP_F_main_BB_logsclexiti24i_67)
   %106 = shl i32 %105, 3 (endState: LEGUP_F_main_BB_logsclexiti24i_67)
   br i1 %108, label %.preheader44.preheader, label %.preheader45.preheader
   Transition: if (%108): LEGUP_F_main_BB_preheader44preheader_69 default: LEGUP_F_main_BB_preheader45preheader_68
state: LEGUP_F_main_BB_preheader45preheader_68
   br label %.preheader45
   Transition: default: LEGUP_F_main_BB_preheader45_76
state: LEGUP_F_main_BB_preheader44preheader_69
   br label %.preheader44
   Transition: default: LEGUP_F_main_BB_preheader44_70
state: LEGUP_F_main_BB_preheader44_70
   %109 = phi i32 [ %114, %110 ], [ 0, %.preheader44.preheader ] (endState: LEGUP_F_main_BB_preheader44_70)
   %scevgep60 = getelementptr [6 x i32]* @delay_bpl, i32 0, i32 %109 (endState: LEGUP_F_main_BB_preheader44_70)
   %exitcond59 = icmp eq i32 %109, 6 (endState: LEGUP_F_main_BB_preheader44_70)
   br i1 %exitcond59, label %upzero.exit.loopexit, label %110
   Transition: if (%exitcond59): LEGUP_F_main_BB_upzeroexitloopexit_82 default: LEGUP_F_main_BB__110_71
state: LEGUP_F_main_BB__110_71
   %111 = load i32* %scevgep60, align 4 (endState: LEGUP_F_main_BB__110_73)
   %114 = add nsw i32 %109, 1 (endState: LEGUP_F_main_BB__110_71)
   Transition: default: LEGUP_F_main_BB__110_72
state: LEGUP_F_main_BB__110_72
   Transition: default: LEGUP_F_main_BB__110_73
state: LEGUP_F_main_BB__110_73
   %112 = mul nsw i32 %111, 255 (endState: LEGUP_F_main_BB__110_74)
   Transition: default: LEGUP_F_main_BB__110_74
state: LEGUP_F_main_BB__110_74
   %113 = ashr i32 %112, 8 (endState: LEGUP_F_main_BB__110_74)
   store i32 %113, i32* %scevgep60, align 4 (endState: LEGUP_F_main_BB__110_75)
   Transition: default: LEGUP_F_main_BB__110_75
state: LEGUP_F_main_BB__110_75
   br label %.preheader44
   Transition: default: LEGUP_F_main_BB_preheader44_70
state: LEGUP_F_main_BB_preheader45_76
   %115 = phi i32 [ %126, %116 ], [ 0, %.preheader45.preheader ] (endState: LEGUP_F_main_BB_preheader45_76)
   %scevgep57 = getelementptr [6 x i32]* @delay_bpl, i32 0, i32 %115 (endState: LEGUP_F_main_BB_preheader45_76)
   %exitcond56 = icmp eq i32 %115, 6 (endState: LEGUP_F_main_BB_preheader45_76)
   br i1 %exitcond56, label %upzero.exit.loopexit4, label %116
   Transition: if (%exitcond56): LEGUP_F_main_BB_upzeroexitloopexit4_83 default: LEGUP_F_main_BB__116_77
state: LEGUP_F_main_BB__116_77
   %scevgep58 = getelementptr [6 x i32]* @delay_dltx, i32 0, i32 %115 (endState: LEGUP_F_main_BB__116_77)
   %117 = load i32* %scevgep58, align 4 (endState: LEGUP_F_main_BB__116_79)
   %122 = load i32* %scevgep57, align 4 (endState: LEGUP_F_main_BB__116_79)
   %126 = add nsw i32 %115, 1 (endState: LEGUP_F_main_BB__116_77)
   Transition: default: LEGUP_F_main_BB__116_78
state: LEGUP_F_main_BB__116_78
   Transition: default: LEGUP_F_main_BB__116_79
state: LEGUP_F_main_BB__116_79
   %118 = mul nsw i32 %90, %117 (endState: LEGUP_F_main_BB__116_80)
   %123 = mul nsw i32 %122, 255 (endState: LEGUP_F_main_BB__116_80)
   Transition: default: LEGUP_F_main_BB__116_80
state: LEGUP_F_main_BB__116_80
   %119 = ashr i32 %118, 31 (endState: LEGUP_F_main_BB__116_80)
   %120 = and i32 %119, -256 (endState: LEGUP_F_main_BB__116_80)
   %121 = or i32 %120, 128 (endState: LEGUP_F_main_BB__116_80)
   %124 = ashr i32 %123, 8 (endState: LEGUP_F_main_BB__116_80)
   %125 = add nsw i32 %121, %124 (endState: LEGUP_F_main_BB__116_80)
   store i32 %125, i32* %scevgep57, align 4 (endState: LEGUP_F_main_BB__116_81)
   Transition: default: LEGUP_F_main_BB__116_81
state: LEGUP_F_main_BB__116_81
   br label %.preheader45
   Transition: default: LEGUP_F_main_BB_preheader45_76
state: LEGUP_F_main_BB_upzeroexitloopexit_82
   br label %upzero.exit
   Transition: default: LEGUP_F_main_BB_upzeroexit_84
state: LEGUP_F_main_BB_upzeroexitloopexit4_83
   br label %upzero.exit
   Transition: default: LEGUP_F_main_BB_upzeroexit_84
state: LEGUP_F_main_BB_upzeroexit_84
   %127 = load i32* getelementptr inbounds ([6 x i32]* @delay_dltx, i32 0, i32 4), align 4 (endState: LEGUP_F_main_BB_upzeroexit_86)
   %128 = load i32* getelementptr inbounds ([6 x i32]* @delay_dltx, i32 0, i32 3), align 4 (endState: LEGUP_F_main_BB_upzeroexit_86)
   %130 = shl nsw i32 %al1.0, 2 (endState: LEGUP_F_main_BB_upzeroexit_84)
   %131 = mul nsw i32 %107, %plt1.0 (endState: LEGUP_F_main_BB_upzeroexit_85)
   %133 = sub nsw i32 0, %130 (endState: LEGUP_F_main_BB_upzeroexit_84)
   %135 = mul nsw i32 %107, %plt2.0 (endState: LEGUP_F_main_BB_upzeroexit_85)
   %139 = mul nsw i32 %al2.0, 127 (endState: LEGUP_F_main_BB_upzeroexit_85)
   Transition: default: LEGUP_F_main_BB_upzeroexit_85
state: LEGUP_F_main_BB_upzeroexit_85
   %129 = load i32* getelementptr inbounds ([6 x i32]* @delay_dltx, i32 0, i32 2), align 4 (endState: LEGUP_F_main_BB_upzeroexit_87)
   store i32 %50, i32* getelementptr inbounds ([6 x i32]* @delay_dltx, i32 0, i32 1), align 4 (endState: LEGUP_F_main_BB_upzeroexit_86)
   %132 = icmp sgt i32 %131, -1 (endState: LEGUP_F_main_BB_upzeroexit_85)
   %..i30 = select i1 %132, i32 %133, i32 %130 (endState: LEGUP_F_main_BB_upzeroexit_85)
   %134 = ashr i32 %..i30, 7 (endState: LEGUP_F_main_BB_upzeroexit_85)
   %136 = ashr i32 %135, 31 (endState: LEGUP_F_main_BB_upzeroexit_85)
   %137 = and i32 %136, -256 (endState: LEGUP_F_main_BB_upzeroexit_85)
   %138 = or i32 %137, 128 (endState: LEGUP_F_main_BB_upzeroexit_85)
   %wd4.0.i31 = add nsw i32 %134, %138 (endState: LEGUP_F_main_BB_upzeroexit_85)
   %140 = ashr i32 %139, 7 (endState: LEGUP_F_main_BB_upzeroexit_85)
   %141 = add nsw i32 %wd4.0.i31, %140 (endState: LEGUP_F_main_BB_upzeroexit_85)
   %142 = icmp sgt i32 %141, 12288 (endState: LEGUP_F_main_BB_upzeroexit_85)
   Transition: default: LEGUP_F_main_BB_upzeroexit_86
state: LEGUP_F_main_BB_upzeroexit_86
   store i32 %127, i32* getelementptr inbounds ([6 x i32]* @delay_dltx, i32 0, i32 5), align 4 (endState: LEGUP_F_main_BB_upzeroexit_87)
   store i32 %90, i32* getelementptr inbounds ([6 x i32]* @delay_dltx, i32 0, i32 0), align 4 (endState: LEGUP_F_main_BB_upzeroexit_87)
   Transition: default: LEGUP_F_main_BB_upzeroexit_87
state: LEGUP_F_main_BB_upzeroexit_87
   store i32 %128, i32* getelementptr inbounds ([6 x i32]* @delay_dltx, i32 0, i32 4), align 4 (endState: LEGUP_F_main_BB_upzeroexit_88)
   store i32 %129, i32* getelementptr inbounds ([6 x i32]* @delay_dltx, i32 0, i32 3), align 4 (endState: LEGUP_F_main_BB_upzeroexit_88)
   Transition: default: LEGUP_F_main_BB_upzeroexit_88
state: LEGUP_F_main_BB_upzeroexit_88
   br i1 %142, label %uppol2.exit34, label %143
   Transition: if (%142): LEGUP_F_main_BB_uppol2exit34_90 default: LEGUP_F_main_BB__143_89
state: LEGUP_F_main_BB__143_89
   %144 = icmp slt i32 %141, -12288 (endState: LEGUP_F_main_BB__143_89)
   %.9.i32 = select i1 %144, i32 -12288, i32 %141 (endState: LEGUP_F_main_BB__143_89)
   br label %uppol2.exit34
   Transition: default: LEGUP_F_main_BB_uppol2exit34_90
state: LEGUP_F_main_BB_uppol2exit34_90
   %145 = phi i32 [ %.9.i32, %143 ], [ 12288, %upzero.exit ] (endState: LEGUP_F_main_BB_uppol2exit34_90)
   %146 = mul nsw i32 %al1.0, 255 (endState: LEGUP_F_main_BB_uppol2exit34_91)
   %148 = ashr i32 %131, 31 (endState: LEGUP_F_main_BB_uppol2exit34_90)
   %149 = and i32 %148, -384 (endState: LEGUP_F_main_BB_uppol2exit34_90)
   %150 = add nsw i32 %149, 192 (endState: LEGUP_F_main_BB_uppol2exit34_90)
   %151 = sub nsw i32 15360, %145 (endState: LEGUP_F_main_BB_uppol2exit34_90)
   %153 = load i32* getelementptr inbounds ([6 x i32]* @delay_bph, i32 0, i32 0), align 4 (endState: LEGUP_F_main_BB_uppol2exit34_92)
   %154 = load i32* getelementptr inbounds ([6 x i32]* @delay_dhx, i32 0, i32 0), align 4 (endState: LEGUP_F_main_BB_uppol2exit34_92)
   Transition: default: LEGUP_F_main_BB_uppol2exit34_91
state: LEGUP_F_main_BB_uppol2exit34_91
   %147 = ashr i32 %146, 8 (endState: LEGUP_F_main_BB_uppol2exit34_91)
   %apl1.i11.i4.i.0 = add nsw i32 %147, %150 (endState: LEGUP_F_main_BB_uppol2exit34_91)
   %152 = icmp sgt i32 %apl1.i11.i4.i.0, %151 (endState: LEGUP_F_main_BB_uppol2exit34_91)
   Transition: default: LEGUP_F_main_BB_uppol2exit34_92
state: LEGUP_F_main_BB_uppol2exit34_92
   %155 = mul nsw i32 %153, %154 (endState: LEGUP_F_main_BB_uppol2exit34_93)
   Transition: default: LEGUP_F_main_BB_uppol2exit34_93
state: LEGUP_F_main_BB_uppol2exit34_93
   br label %156
   Transition: default: LEGUP_F_main_BB__156_94
state: LEGUP_F_main_BB__156_94
   %indvar61 = phi i32 [ %indvar.next62, %157 ], [ 0, %uppol2.exit34 ] (endState: LEGUP_F_main_BB__156_94)
   %zl.i7.i6.i.0 = phi i32 [ %161, %157 ], [ %155, %uppol2.exit34 ] (endState: LEGUP_F_main_BB__156_94)
   %i.i6.i5.i.0 = add i32 %indvar61, 1 (endState: LEGUP_F_main_BB__156_94)
   %exitcond63 = icmp eq i32 %indvar61, 5 (endState: LEGUP_F_main_BB__156_94)
   br i1 %exitcond63, label %filtez.exit8.i26.i, label %157
   Transition: if (%exitcond63): LEGUP_F_main_BB_filtezexit8i26i_99 default: LEGUP_F_main_BB__157_95
state: LEGUP_F_main_BB__157_95
   %.0471 = getelementptr [6 x i32]* @delay_bph, i32 0, i32 %i.i6.i5.i.0 (endState: LEGUP_F_main_BB__157_95)
   %.0472 = getelementptr [6 x i32]* @delay_dhx, i32 0, i32 %i.i6.i5.i.0 (endState: LEGUP_F_main_BB__157_95)
   %158 = load i32* %.0471, align 4 (endState: LEGUP_F_main_BB__157_97)
   %159 = load i32* %.0472, align 4 (endState: LEGUP_F_main_BB__157_97)
   %indvar.next62 = add i32 %indvar61, 1 (endState: LEGUP_F_main_BB__157_95)
   Transition: default: LEGUP_F_main_BB__157_96
state: LEGUP_F_main_BB__157_96
   Transition: default: LEGUP_F_main_BB__157_97
state: LEGUP_F_main_BB__157_97
   %160 = mul nsw i32 %158, %159 (endState: LEGUP_F_main_BB__157_98)
   Transition: default: LEGUP_F_main_BB__157_98
state: LEGUP_F_main_BB__157_98
   %161 = add nsw i32 %zl.i7.i6.i.0, %160 (endState: LEGUP_F_main_BB__157_98)
   br label %156
   Transition: default: LEGUP_F_main_BB__156_94
state: LEGUP_F_main_BB_filtezexit8i26i_99
   %162 = sub nsw i32 0, %151 (endState: LEGUP_F_main_BB_filtezexit8i26i_99)
   %.apl1.i11.i4.i.0 = select i1 %152, i32 %151, i32 %apl1.i11.i4.i.0 (endState: LEGUP_F_main_BB_filtezexit8i26i_99)
   %163 = icmp slt i32 %.apl1.i11.i4.i.0, %162 (endState: LEGUP_F_main_BB_filtezexit8i26i_99)
   %apl1.i11.i4.i.2 = select i1 %163, i32 %162, i32 %.apl1.i11.i4.i.0 (endState: LEGUP_F_main_BB_filtezexit8i26i_99)
   %164 = add nsw i32 %72, %90 (endState: LEGUP_F_main_BB_filtezexit8i26i_99)
   %165 = ashr i32 %zl.i7.i6.i.0, 14 (endState: LEGUP_F_main_BB_filtezexit8i26i_99)
   %166 = shl nsw i32 %rh1.0, 1 (endState: LEGUP_F_main_BB_filtezexit8i26i_99)
   %167 = mul nsw i32 %ah1.0, %166 (endState: LEGUP_F_main_BB_filtezexit8i26i_100)
   %168 = shl nsw i32 %rh2.0, 1 (endState: LEGUP_F_main_BB_filtezexit8i26i_99)
   %169 = mul nsw i32 %ah2.0, %168 (endState: LEGUP_F_main_BB_filtezexit8i26i_100)
   %175 = mul nsw i32 %deth.0, 564 (endState: LEGUP_F_main_BB_filtezexit8i26i_100)
   %185 = mul nsw i32 %nbh.0, 127 (endState: LEGUP_F_main_BB_filtezexit8i26i_100)
   Transition: default: LEGUP_F_main_BB_filtezexit8i26i_100
state: LEGUP_F_main_BB_filtezexit8i26i_100
   %170 = add nsw i32 %167, %169 (endState: LEGUP_F_main_BB_filtezexit8i26i_100)
   %171 = ashr i32 %170, 15 (endState: LEGUP_F_main_BB_filtezexit8i26i_100)
   %172 = add nsw i32 %171, %165 (endState: LEGUP_F_main_BB_filtezexit8i26i_100)
   %173 = sub nsw i32 %64, %172 (endState: LEGUP_F_main_BB_filtezexit8i26i_100)
   %174 = icmp sgt i32 %173, -1 (endState: LEGUP_F_main_BB_filtezexit8i26i_100)
   %176 = ashr i32 %175, 12 (endState: LEGUP_F_main_BB_filtezexit8i26i_100)
   %177 = sub nsw i32 0, %173 (endState: LEGUP_F_main_BB_filtezexit8i26i_100)
   %178 = ashr i32 %173, 31 (endState: LEGUP_F_main_BB_filtezexit8i26i_100)
   %179 = and i32 %178, -2 (endState: LEGUP_F_main_BB_filtezexit8i26i_100)
   %m.i.i.i.0 = select i1 %174, i32 %173, i32 %177 (endState: LEGUP_F_main_BB_filtezexit8i26i_100)
   %180 = icmp sgt i32 %m.i.i.i.0, %176 (endState: LEGUP_F_main_BB_filtezexit8i26i_100)
   %186 = ashr i32 %185, 7 (endState: LEGUP_F_main_BB_filtezexit8i26i_100)
   Transition: default: LEGUP_F_main_BB_filtezexit8i26i_101
state: LEGUP_F_main_BB_filtezexit8i26i_101
   %.ih.0486.v = select i1 %180, i32 2, i32 3 (endState: LEGUP_F_main_BB_filtezexit8i26i_101)
   %.ih.0486 = add nsw i32 %179, %.ih.0486.v (endState: LEGUP_F_main_BB_filtezexit8i26i_101)
   Transition: default: LEGUP_F_main_BB_filtezexit8i26i_102
state: LEGUP_F_main_BB_filtezexit8i26i_102
   %181 = getelementptr inbounds [4 x i32]* @qq2_code2_table, i32 0, i32 %.ih.0486 (endState: LEGUP_F_main_BB_filtezexit8i26i_102)
   %182 = load i32* %181, align 4 (endState: LEGUP_F_main_BB_filtezexit8i26i_104)
   %187 = getelementptr inbounds [4 x i32]* @wh_code_table, i32 0, i32 %.ih.0486 (endState: LEGUP_F_main_BB_filtezexit8i26i_102)
   %188 = load i32* %187, align 4 (endState: LEGUP_F_main_BB_filtezexit8i26i_104)
   Transition: default: LEGUP_F_main_BB_filtezexit8i26i_103
state: LEGUP_F_main_BB_filtezexit8i26i_103
   Transition: default: LEGUP_F_main_BB_filtezexit8i26i_104
state: LEGUP_F_main_BB_filtezexit8i26i_104
   %183 = mul nsw i32 %deth.0, %182 (endState: LEGUP_F_main_BB_filtezexit8i26i_105)
   %189 = add nsw i32 %186, %188 (endState: LEGUP_F_main_BB_filtezexit8i26i_104)
   %190 = icmp slt i32 %189, 0 (endState: LEGUP_F_main_BB_filtezexit8i26i_104)
   Transition: default: LEGUP_F_main_BB_filtezexit8i26i_105
state: LEGUP_F_main_BB_filtezexit8i26i_105
   %184 = ashr i32 %183, 15 (endState: LEGUP_F_main_BB_filtezexit8i26i_105)
   br i1 %190, label %logsch.exit.i27.i, label %191
   Transition: if (%190): LEGUP_F_main_BB_logschexiti27i_107 default: LEGUP_F_main_BB__191_106
state: LEGUP_F_main_BB__191_106
   %192 = icmp sgt i32 %189, 22528 (endState: LEGUP_F_main_BB__191_106)
   %.489 = select i1 %192, i32 22528, i32 %189 (endState: LEGUP_F_main_BB__191_106)
   br label %logsch.exit.i27.i
   Transition: default: LEGUP_F_main_BB_logschexiti27i_107
state: LEGUP_F_main_BB_logschexiti27i_107
   %.0469 = phi i32 [ 0, %filtez.exit8.i26.i ], [ %.489, %191 ] (endState: LEGUP_F_main_BB_logschexiti27i_107)
   %193 = lshr i32 %.0469, 6 (endState: LEGUP_F_main_BB_logschexiti27i_107)
   %194 = and i32 %193, 31 (endState: LEGUP_F_main_BB_logschexiti27i_107)
   %195 = ashr i32 %.0469, 11 (endState: LEGUP_F_main_BB_logschexiti27i_107)
   %196 = getelementptr inbounds [32 x i32]* @ilb_table, i32 0, i32 %194 (endState: LEGUP_F_main_BB_logschexiti27i_107)
   %197 = load i32* %196, align 4 (endState: LEGUP_F_main_BB_logschexiti27i_109)
   %198 = sub nsw i32 11, %195 (endState: LEGUP_F_main_BB_logschexiti27i_107)
   %201 = add nsw i32 %184, %165 (endState: LEGUP_F_main_BB_logschexiti27i_107)
   %202 = icmp eq i32 %184, 0 (endState: LEGUP_F_main_BB_logschexiti27i_107)
   Transition: default: LEGUP_F_main_BB_logschexiti27i_108
state: LEGUP_F_main_BB_logschexiti27i_108
   Transition: default: LEGUP_F_main_BB_logschexiti27i_109
state: LEGUP_F_main_BB_logschexiti27i_109
   %199 = ashr i32 %197, %198 (endState: LEGUP_F_main_BB_logschexiti27i_109)
   %200 = shl i32 %199, 3 (endState: LEGUP_F_main_BB_logschexiti27i_109)
   br i1 %202, label %.preheader41.preheader, label %.preheader42.preheader
   Transition: if (%202): LEGUP_F_main_BB_preheader41preheader_111 default: LEGUP_F_main_BB_preheader42preheader_110
state: LEGUP_F_main_BB_preheader42preheader_110
   br label %.preheader42
   Transition: default: LEGUP_F_main_BB_preheader42_118
state: LEGUP_F_main_BB_preheader41preheader_111
   br label %.preheader41
   Transition: default: LEGUP_F_main_BB_preheader41_112
state: LEGUP_F_main_BB_preheader41_112
   %203 = phi i32 [ %208, %204 ], [ 0, %.preheader41.preheader ] (endState: LEGUP_F_main_BB_preheader41_112)
   %scevgep70 = getelementptr [6 x i32]* @delay_bph, i32 0, i32 %203 (endState: LEGUP_F_main_BB_preheader41_112)
   %exitcond69 = icmp eq i32 %203, 6 (endState: LEGUP_F_main_BB_preheader41_112)
   br i1 %exitcond69, label %upzero.exit29.loopexit, label %204
   Transition: if (%exitcond69): LEGUP_F_main_BB_upzeroexit29loopexit_124 default: LEGUP_F_main_BB__204_113
state: LEGUP_F_main_BB__204_113
   %205 = load i32* %scevgep70, align 4 (endState: LEGUP_F_main_BB__204_115)
   %208 = add nsw i32 %203, 1 (endState: LEGUP_F_main_BB__204_113)
   Transition: default: LEGUP_F_main_BB__204_114
state: LEGUP_F_main_BB__204_114
   Transition: default: LEGUP_F_main_BB__204_115
state: LEGUP_F_main_BB__204_115
   %206 = mul nsw i32 %205, 255 (endState: LEGUP_F_main_BB__204_116)
   Transition: default: LEGUP_F_main_BB__204_116
state: LEGUP_F_main_BB__204_116
   %207 = ashr i32 %206, 8 (endState: LEGUP_F_main_BB__204_116)
   store i32 %207, i32* %scevgep70, align 4 (endState: LEGUP_F_main_BB__204_117)
   Transition: default: LEGUP_F_main_BB__204_117
state: LEGUP_F_main_BB__204_117
   br label %.preheader41
   Transition: default: LEGUP_F_main_BB_preheader41_112
state: LEGUP_F_main_BB_preheader42_118
   %209 = phi i32 [ %220, %210 ], [ 0, %.preheader42.preheader ] (endState: LEGUP_F_main_BB_preheader42_118)
   %scevgep67 = getelementptr [6 x i32]* @delay_bph, i32 0, i32 %209 (endState: LEGUP_F_main_BB_preheader42_118)
   %exitcond66 = icmp eq i32 %209, 6 (endState: LEGUP_F_main_BB_preheader42_118)
   br i1 %exitcond66, label %upzero.exit29.loopexit3, label %210
   Transition: if (%exitcond66): LEGUP_F_main_BB_upzeroexit29loopexit3_125 default: LEGUP_F_main_BB__210_119
state: LEGUP_F_main_BB__210_119
   %scevgep68 = getelementptr [6 x i32]* @delay_dhx, i32 0, i32 %209 (endState: LEGUP_F_main_BB__210_119)
   %211 = load i32* %scevgep68, align 4 (endState: LEGUP_F_main_BB__210_121)
   %216 = load i32* %scevgep67, align 4 (endState: LEGUP_F_main_BB__210_121)
   %220 = add nsw i32 %209, 1 (endState: LEGUP_F_main_BB__210_119)
   Transition: default: LEGUP_F_main_BB__210_120
state: LEGUP_F_main_BB__210_120
   Transition: default: LEGUP_F_main_BB__210_121
state: LEGUP_F_main_BB__210_121
   %212 = mul nsw i32 %184, %211 (endState: LEGUP_F_main_BB__210_122)
   %217 = mul nsw i32 %216, 255 (endState: LEGUP_F_main_BB__210_122)
   Transition: default: LEGUP_F_main_BB__210_122
state: LEGUP_F_main_BB__210_122
   %213 = ashr i32 %212, 31 (endState: LEGUP_F_main_BB__210_122)
   %214 = and i32 %213, -256 (endState: LEGUP_F_main_BB__210_122)
   %215 = or i32 %214, 128 (endState: LEGUP_F_main_BB__210_122)
   %218 = ashr i32 %217, 8 (endState: LEGUP_F_main_BB__210_122)
   %219 = add nsw i32 %215, %218 (endState: LEGUP_F_main_BB__210_122)
   store i32 %219, i32* %scevgep67, align 4 (endState: LEGUP_F_main_BB__210_123)
   Transition: default: LEGUP_F_main_BB__210_123
state: LEGUP_F_main_BB__210_123
   br label %.preheader42
   Transition: default: LEGUP_F_main_BB_preheader42_118
state: LEGUP_F_main_BB_upzeroexit29loopexit_124
   br label %upzero.exit29
   Transition: default: LEGUP_F_main_BB_upzeroexit29_126
state: LEGUP_F_main_BB_upzeroexit29loopexit3_125
   br label %upzero.exit29
   Transition: default: LEGUP_F_main_BB_upzeroexit29_126
state: LEGUP_F_main_BB_upzeroexit29_126
   %221 = load i32* getelementptr inbounds ([6 x i32]* @delay_dhx, i32 0, i32 4), align 4 (endState: LEGUP_F_main_BB_upzeroexit29_128)
   %222 = load i32* getelementptr inbounds ([6 x i32]* @delay_dhx, i32 0, i32 3), align 4 (endState: LEGUP_F_main_BB_upzeroexit29_128)
   %224 = shl nsw i32 %ah1.0, 2 (endState: LEGUP_F_main_BB_upzeroexit29_126)
   %225 = mul nsw i32 %201, %ph1.0 (endState: LEGUP_F_main_BB_upzeroexit29_127)
   %227 = sub nsw i32 0, %224 (endState: LEGUP_F_main_BB_upzeroexit29_126)
   %229 = mul nsw i32 %201, %ph2.0 (endState: LEGUP_F_main_BB_upzeroexit29_127)
   %233 = mul nsw i32 %ah2.0, 127 (endState: LEGUP_F_main_BB_upzeroexit29_127)
   Transition: default: LEGUP_F_main_BB_upzeroexit29_127
state: LEGUP_F_main_BB_upzeroexit29_127
   %223 = load i32* getelementptr inbounds ([6 x i32]* @delay_dhx, i32 0, i32 2), align 4 (endState: LEGUP_F_main_BB_upzeroexit29_129)
   store i32 %154, i32* getelementptr inbounds ([6 x i32]* @delay_dhx, i32 0, i32 1), align 4 (endState: LEGUP_F_main_BB_upzeroexit29_128)
   %226 = icmp sgt i32 %225, -1 (endState: LEGUP_F_main_BB_upzeroexit29_127)
   %..i19 = select i1 %226, i32 %227, i32 %224 (endState: LEGUP_F_main_BB_upzeroexit29_127)
   %228 = ashr i32 %..i19, 7 (endState: LEGUP_F_main_BB_upzeroexit29_127)
   %230 = ashr i32 %229, 31 (endState: LEGUP_F_main_BB_upzeroexit29_127)
   %231 = and i32 %230, -256 (endState: LEGUP_F_main_BB_upzeroexit29_127)
   %232 = or i32 %231, 128 (endState: LEGUP_F_main_BB_upzeroexit29_127)
   %wd4.0.i20 = add nsw i32 %228, %232 (endState: LEGUP_F_main_BB_upzeroexit29_127)
   %234 = ashr i32 %233, 7 (endState: LEGUP_F_main_BB_upzeroexit29_127)
   %235 = add nsw i32 %wd4.0.i20, %234 (endState: LEGUP_F_main_BB_upzeroexit29_127)
   %236 = icmp sgt i32 %235, 12288 (endState: LEGUP_F_main_BB_upzeroexit29_127)
   Transition: default: LEGUP_F_main_BB_upzeroexit29_128
state: LEGUP_F_main_BB_upzeroexit29_128
   store i32 %221, i32* getelementptr inbounds ([6 x i32]* @delay_dhx, i32 0, i32 5), align 4 (endState: LEGUP_F_main_BB_upzeroexit29_129)
   store i32 %184, i32* getelementptr inbounds ([6 x i32]* @delay_dhx, i32 0, i32 0), align 4 (endState: LEGUP_F_main_BB_upzeroexit29_129)
   Transition: default: LEGUP_F_main_BB_upzeroexit29_129
state: LEGUP_F_main_BB_upzeroexit29_129
   store i32 %222, i32* getelementptr inbounds ([6 x i32]* @delay_dhx, i32 0, i32 4), align 4 (endState: LEGUP_F_main_BB_upzeroexit29_130)
   store i32 %223, i32* getelementptr inbounds ([6 x i32]* @delay_dhx, i32 0, i32 3), align 4 (endState: LEGUP_F_main_BB_upzeroexit29_130)
   Transition: default: LEGUP_F_main_BB_upzeroexit29_130
state: LEGUP_F_main_BB_upzeroexit29_130
   br i1 %236, label %uppol2.exit23, label %237
   Transition: if (%236): LEGUP_F_main_BB_uppol2exit23_132 default: LEGUP_F_main_BB__237_131
state: LEGUP_F_main_BB__237_131
   %238 = icmp slt i32 %235, -12288 (endState: LEGUP_F_main_BB__237_131)
   %.9.i21 = select i1 %238, i32 -12288, i32 %235 (endState: LEGUP_F_main_BB__237_131)
   br label %uppol2.exit23
   Transition: default: LEGUP_F_main_BB_uppol2exit23_132
state: LEGUP_F_main_BB_uppol2exit23_132
   %239 = phi i32 [ %.9.i21, %237 ], [ 12288, %upzero.exit29 ] (endState: LEGUP_F_main_BB_uppol2exit23_132)
   %240 = mul nsw i32 %ah1.0, 255 (endState: LEGUP_F_main_BB_uppol2exit23_133)
   %242 = ashr i32 %225, 31 (endState: LEGUP_F_main_BB_uppol2exit23_132)
   %243 = and i32 %242, -384 (endState: LEGUP_F_main_BB_uppol2exit23_132)
   %244 = add nsw i32 %243, 192 (endState: LEGUP_F_main_BB_uppol2exit23_132)
   %245 = sub nsw i32 15360, %239 (endState: LEGUP_F_main_BB_uppol2exit23_132)
   %247 = sub nsw i32 0, %245 (endState: LEGUP_F_main_BB_uppol2exit23_132)
   %249 = add nsw i32 %172, %184 (endState: LEGUP_F_main_BB_uppol2exit23_132)
   %250 = shl nsw i32 %.ih.0486, 6 (endState: LEGUP_F_main_BB_uppol2exit23_132)
   %251 = or i32 %ril.i.i.i.0, %250 (endState: LEGUP_F_main_BB_uppol2exit23_132)
   %252 = sdiv i32 %i.i.0, 2 (endState: LEGUP_F_main_BB_uppol2exit23_164)
   %indvar.next72 = add i32 %indvar71, 1 (endState: LEGUP_F_main_BB_uppol2exit23_132)
   Transition: default: LEGUP_F_main_BB_uppol2exit23_133
state: LEGUP_F_main_BB_uppol2exit23_133
   %241 = ashr i32 %240, 8 (endState: LEGUP_F_main_BB_uppol2exit23_133)
   %apl1.i.i18.i.0 = add nsw i32 %241, %244 (endState: LEGUP_F_main_BB_uppol2exit23_133)
   %246 = icmp sgt i32 %apl1.i.i18.i.0, %245 (endState: LEGUP_F_main_BB_uppol2exit23_133)
   %.apl1.i.i18.i.0 = select i1 %246, i32 %245, i32 %apl1.i.i18.i.0 (endState: LEGUP_F_main_BB_uppol2exit23_133)
   %248 = icmp slt i32 %.apl1.i.i18.i.0, %247 (endState: LEGUP_F_main_BB_uppol2exit23_133)
   %apl1.i.i18.i.2 = select i1 %248, i32 %247, i32 %.apl1.i.i18.i.0 (endState: LEGUP_F_main_BB_uppol2exit23_133)
   Transition: default: LEGUP_F_main_BB_uppol2exit23_134
state: LEGUP_F_main_BB_uppol2exit23_134
   Transition: default: LEGUP_F_main_BB_uppol2exit23_135
state: LEGUP_F_main_BB_uppol2exit23_135
   Transition: default: LEGUP_F_main_BB_uppol2exit23_136
state: LEGUP_F_main_BB_uppol2exit23_136
   Transition: default: LEGUP_F_main_BB_uppol2exit23_137
state: LEGUP_F_main_BB_uppol2exit23_137
   Transition: default: LEGUP_F_main_BB_uppol2exit23_138
state: LEGUP_F_main_BB_uppol2exit23_138
   Transition: default: LEGUP_F_main_BB_uppol2exit23_139
state: LEGUP_F_main_BB_uppol2exit23_139
   Transition: default: LEGUP_F_main_BB_uppol2exit23_140
state: LEGUP_F_main_BB_uppol2exit23_140
   Transition: default: LEGUP_F_main_BB_uppol2exit23_141
state: LEGUP_F_main_BB_uppol2exit23_141
   Transition: default: LEGUP_F_main_BB_uppol2exit23_142
state: LEGUP_F_main_BB_uppol2exit23_142
   Transition: default: LEGUP_F_main_BB_uppol2exit23_143
state: LEGUP_F_main_BB_uppol2exit23_143
   Transition: default: LEGUP_F_main_BB_uppol2exit23_144
state: LEGUP_F_main_BB_uppol2exit23_144
   Transition: default: LEGUP_F_main_BB_uppol2exit23_145
state: LEGUP_F_main_BB_uppol2exit23_145
   Transition: default: LEGUP_F_main_BB_uppol2exit23_146
state: LEGUP_F_main_BB_uppol2exit23_146
   Transition: default: LEGUP_F_main_BB_uppol2exit23_147
state: LEGUP_F_main_BB_uppol2exit23_147
   Transition: default: LEGUP_F_main_BB_uppol2exit23_148
state: LEGUP_F_main_BB_uppol2exit23_148
   Transition: default: LEGUP_F_main_BB_uppol2exit23_149
state: LEGUP_F_main_BB_uppol2exit23_149
   Transition: default: LEGUP_F_main_BB_uppol2exit23_150
state: LEGUP_F_main_BB_uppol2exit23_150
   Transition: default: LEGUP_F_main_BB_uppol2exit23_151
state: LEGUP_F_main_BB_uppol2exit23_151
   Transition: default: LEGUP_F_main_BB_uppol2exit23_152
state: LEGUP_F_main_BB_uppol2exit23_152
   Transition: default: LEGUP_F_main_BB_uppol2exit23_153
state: LEGUP_F_main_BB_uppol2exit23_153
   Transition: default: LEGUP_F_main_BB_uppol2exit23_154
state: LEGUP_F_main_BB_uppol2exit23_154
   Transition: default: LEGUP_F_main_BB_uppol2exit23_155
state: LEGUP_F_main_BB_uppol2exit23_155
   Transition: default: LEGUP_F_main_BB_uppol2exit23_156
state: LEGUP_F_main_BB_uppol2exit23_156
   Transition: default: LEGUP_F_main_BB_uppol2exit23_157
state: LEGUP_F_main_BB_uppol2exit23_157
   Transition: default: LEGUP_F_main_BB_uppol2exit23_158
state: LEGUP_F_main_BB_uppol2exit23_158
   Transition: default: LEGUP_F_main_BB_uppol2exit23_159
state: LEGUP_F_main_BB_uppol2exit23_159
   Transition: default: LEGUP_F_main_BB_uppol2exit23_160
state: LEGUP_F_main_BB_uppol2exit23_160
   Transition: default: LEGUP_F_main_BB_uppol2exit23_161
state: LEGUP_F_main_BB_uppol2exit23_161
   Transition: default: LEGUP_F_main_BB_uppol2exit23_162
state: LEGUP_F_main_BB_uppol2exit23_162
   Transition: default: LEGUP_F_main_BB_uppol2exit23_163
state: LEGUP_F_main_BB_uppol2exit23_163
   Transition: default: LEGUP_F_main_BB_uppol2exit23_164
state: LEGUP_F_main_BB_uppol2exit23_164
   %253 = getelementptr inbounds [100 x i32]* @compressed, i32 0, i32 %252 (endState: LEGUP_F_main_BB_uppol2exit23_164)
   store i32 %251, i32* %253, align 4 (endState: LEGUP_F_main_BB_uppol2exit23_165)
   Transition: default: LEGUP_F_main_BB_uppol2exit23_165
state: LEGUP_F_main_BB_uppol2exit23_165
   br label %reset.exit.i
   Transition: default: LEGUP_F_main_BB_resetexiti_19
state: LEGUP_F_main_BB__254_166
   %255 = getelementptr inbounds [64 x i32]* @qq6_code6_table, i32 0, i32 %il.0 (endState: LEGUP_F_main_BB__254_166)
   br label %256
   Transition: default: LEGUP_F_main_BB__256_167
state: LEGUP_F_main_BB__256_167
   %indvar37 = phi i32 [ %indvar.next38, %decode.exit.i ], [ 0, %254 ] (endState: LEGUP_F_main_BB__256_167)
   %dec_rlt1.0 = phi i32 [ %363, %decode.exit.i ], [ 0, %254 ] (endState: LEGUP_F_main_BB__256_167)
   %dec_al1.0 = phi i32 [ %apl1.i11.i.i.2, %decode.exit.i ], [ 0, %254 ] (endState: LEGUP_F_main_BB__256_167)
   %dec_rlt2.0 = phi i32 [ %dec_rlt1.0, %decode.exit.i ], [ 0, %254 ] (endState: LEGUP_F_main_BB__256_167)
   %dec_al2.0 = phi i32 [ %344, %decode.exit.i ], [ 0, %254 ] (endState: LEGUP_F_main_BB__256_167)
   %dec_detl.0 = phi i32 [ %305, %decode.exit.i ], [ 32, %254 ] (endState: LEGUP_F_main_BB__256_167)
   %dec_nbl.0 = phi i32 [ %.0463, %decode.exit.i ], [ 0, %254 ] (endState: LEGUP_F_main_BB__256_167)
   %dec_plt1.0 = phi i32 [ %306, %decode.exit.i ], [ 0, %254 ] (endState: LEGUP_F_main_BB__256_167)
   %dec_plt2.0 = phi i32 [ %dec_plt1.0, %decode.exit.i ], [ 0, %254 ] (endState: LEGUP_F_main_BB__256_167)
   %dec_rh1.0 = phi i32 [ %438, %decode.exit.i ], [ 0, %254 ] (endState: LEGUP_F_main_BB__256_167)
   %dec_ah1.0 = phi i32 [ %apl1.i.i.i.2, %decode.exit.i ], [ 0, %254 ] (endState: LEGUP_F_main_BB__256_167)
   %dec_rh2.0 = phi i32 [ %dec_rh1.0, %decode.exit.i ], [ 0, %254 ] (endState: LEGUP_F_main_BB__256_167)
   %dec_ah2.0 = phi i32 [ %430, %decode.exit.i ], [ 0, %254 ] (endState: LEGUP_F_main_BB__256_167)
   %dec_deth.0 = phi i32 [ %391, %decode.exit.i ], [ 8, %254 ] (endState: LEGUP_F_main_BB__256_167)
   %dec_nbh.0 = phi i32 [ %.0464, %decode.exit.i ], [ 0, %254 ] (endState: LEGUP_F_main_BB__256_167)
   %dec_ph1.0 = phi i32 [ %392, %decode.exit.i ], [ 0, %254 ] (endState: LEGUP_F_main_BB__256_167)
   %dec_ph2.0 = phi i32 [ %dec_ph1.0, %decode.exit.i ], [ 0, %254 ] (endState: LEGUP_F_main_BB__256_167)
   %i.i.1 = shl i32 %indvar37, 1 (endState: LEGUP_F_main_BB__256_167)
   %257 = or i32 %i.i.1, 1 (endState: LEGUP_F_main_BB__256_167)
   %scevgep40 = getelementptr [100 x i32]* @result, i32 0, i32 %257 (endState: LEGUP_F_main_BB__256_167)
   %scevgep41 = getelementptr [100 x i32]* @result, i32 0, i32 %i.i.1 (endState: LEGUP_F_main_BB__256_167)
   %exitcond39 = icmp eq i32 %indvar37, 50 (endState: LEGUP_F_main_BB__256_167)
   br i1 %exitcond39, label %adpcm_main.exit.preheader, label %258
   Transition: if (%exitcond39): LEGUP_F_main_BB_adpcm_mainexitpreheader_168 default: LEGUP_F_main_BB__258_169
state: LEGUP_F_main_BB_adpcm_mainexitpreheader_168
   br label %adpcm_main.exit
   Transition: default: LEGUP_F_main_BB_adpcm_mainexit_298
state: LEGUP_F_main_BB__258_169
   %259 = sdiv i32 %i.i.1, 2 (endState: LEGUP_F_main_BB__258_201)
   %262 = load i32* getelementptr inbounds ([6 x i32]* @dec_del_bpl, i32 0, i32 0), align 4 (endState: LEGUP_F_main_BB__258_171)
   %263 = load i32* getelementptr inbounds ([6 x i32]* @dec_del_dltx, i32 0, i32 0), align 4 (endState: LEGUP_F_main_BB__258_171)
   Transition: default: LEGUP_F_main_BB__258_170
state: LEGUP_F_main_BB__258_170
   Transition: default: LEGUP_F_main_BB__258_171
state: LEGUP_F_main_BB__258_171
   %264 = mul nsw i32 %262, %263 (endState: LEGUP_F_main_BB__258_172)
   Transition: default: LEGUP_F_main_BB__258_172
state: LEGUP_F_main_BB__258_172
   Transition: default: LEGUP_F_main_BB__258_173
state: LEGUP_F_main_BB__258_173
   Transition: default: LEGUP_F_main_BB__258_174
state: LEGUP_F_main_BB__258_174
   Transition: default: LEGUP_F_main_BB__258_175
state: LEGUP_F_main_BB__258_175
   Transition: default: LEGUP_F_main_BB__258_176
state: LEGUP_F_main_BB__258_176
   Transition: default: LEGUP_F_main_BB__258_177
state: LEGUP_F_main_BB__258_177
   Transition: default: LEGUP_F_main_BB__258_178
state: LEGUP_F_main_BB__258_178
   Transition: default: LEGUP_F_main_BB__258_179
state: LEGUP_F_main_BB__258_179
   Transition: default: LEGUP_F_main_BB__258_180
state: LEGUP_F_main_BB__258_180
   Transition: default: LEGUP_F_main_BB__258_181
state: LEGUP_F_main_BB__258_181
   Transition: default: LEGUP_F_main_BB__258_182
state: LEGUP_F_main_BB__258_182
   Transition: default: LEGUP_F_main_BB__258_183
state: LEGUP_F_main_BB__258_183
   Transition: default: LEGUP_F_main_BB__258_184
state: LEGUP_F_main_BB__258_184
   Transition: default: LEGUP_F_main_BB__258_185
state: LEGUP_F_main_BB__258_185
   Transition: default: LEGUP_F_main_BB__258_186
state: LEGUP_F_main_BB__258_186
   Transition: default: LEGUP_F_main_BB__258_187
state: LEGUP_F_main_BB__258_187
   Transition: default: LEGUP_F_main_BB__258_188
state: LEGUP_F_main_BB__258_188
   Transition: default: LEGUP_F_main_BB__258_189
state: LEGUP_F_main_BB__258_189
   Transition: default: LEGUP_F_main_BB__258_190
state: LEGUP_F_main_BB__258_190
   Transition: default: LEGUP_F_main_BB__258_191
state: LEGUP_F_main_BB__258_191
   Transition: default: LEGUP_F_main_BB__258_192
state: LEGUP_F_main_BB__258_192
   Transition: default: LEGUP_F_main_BB__258_193
state: LEGUP_F_main_BB__258_193
   Transition: default: LEGUP_F_main_BB__258_194
state: LEGUP_F_main_BB__258_194
   Transition: default: LEGUP_F_main_BB__258_195
state: LEGUP_F_main_BB__258_195
   Transition: default: LEGUP_F_main_BB__258_196
state: LEGUP_F_main_BB__258_196
   Transition: default: LEGUP_F_main_BB__258_197
state: LEGUP_F_main_BB__258_197
   Transition: default: LEGUP_F_main_BB__258_198
state: LEGUP_F_main_BB__258_198
   Transition: default: LEGUP_F_main_BB__258_199
state: LEGUP_F_main_BB__258_199
   Transition: default: LEGUP_F_main_BB__258_200
state: LEGUP_F_main_BB__258_200
   Transition: default: LEGUP_F_main_BB__258_201
state: LEGUP_F_main_BB__258_201
   %260 = getelementptr inbounds [100 x i32]* @compressed, i32 0, i32 %259 (endState: LEGUP_F_main_BB__258_201)
   %261 = load i32* %260, align 4 (endState: LEGUP_F_main_BB__258_203)
   Transition: default: LEGUP_F_main_BB__258_202
state: LEGUP_F_main_BB__258_202
   Transition: default: LEGUP_F_main_BB__258_203
state: LEGUP_F_main_BB__258_203
   br label %265
   Transition: default: LEGUP_F_main_BB__265_204
state: LEGUP_F_main_BB__265_204
   %indvar = phi i32 [ %indvar.next, %266 ], [ 0, %258 ] (endState: LEGUP_F_main_BB__265_204)
   %zl.i.i.i.0 = phi i32 [ %270, %266 ], [ %264, %258 ] (endState: LEGUP_F_main_BB__265_204)
   %i.i.i.i.0 = add i32 %indvar, 1 (endState: LEGUP_F_main_BB__265_204)
   %exitcond9 = icmp eq i32 %indvar, 5 (endState: LEGUP_F_main_BB__265_204)
   br i1 %exitcond9, label %filtez.exit.i.i, label %266
   Transition: if (%exitcond9): LEGUP_F_main_BB_filtezexitii_209 default: LEGUP_F_main_BB__266_205
state: LEGUP_F_main_BB__266_205
   %.0 = getelementptr [6 x i32]* @dec_del_dltx, i32 0, i32 %i.i.i.i.0 (endState: LEGUP_F_main_BB__266_205)
   %.0462 = getelementptr [6 x i32]* @dec_del_bpl, i32 0, i32 %i.i.i.i.0 (endState: LEGUP_F_main_BB__266_205)
   %267 = load i32* %.0462, align 4 (endState: LEGUP_F_main_BB__266_207)
   %268 = load i32* %.0, align 4 (endState: LEGUP_F_main_BB__266_207)
   %indvar.next = add i32 %indvar, 1 (endState: LEGUP_F_main_BB__266_205)
   Transition: default: LEGUP_F_main_BB__266_206
state: LEGUP_F_main_BB__266_206
   Transition: default: LEGUP_F_main_BB__266_207
state: LEGUP_F_main_BB__266_207
   %269 = mul nsw i32 %267, %268 (endState: LEGUP_F_main_BB__266_208)
   Transition: default: LEGUP_F_main_BB__266_208
state: LEGUP_F_main_BB__266_208
   %270 = add nsw i32 %zl.i.i.i.0, %269 (endState: LEGUP_F_main_BB__266_208)
   br label %265
   Transition: default: LEGUP_F_main_BB__265_204
state: LEGUP_F_main_BB_filtezexitii_209
   %271 = ashr i32 %261, 6 (endState: LEGUP_F_main_BB_filtezexitii_209)
   %272 = ashr i32 %zl.i.i.i.0, 14 (endState: LEGUP_F_main_BB_filtezexitii_209)
   %273 = shl nsw i32 %dec_rlt1.0, 1 (endState: LEGUP_F_main_BB_filtezexitii_209)
   %274 = mul nsw i32 %dec_al1.0, %273 (endState: LEGUP_F_main_BB_filtezexitii_210)
   %275 = shl nsw i32 %dec_rlt2.0, 1 (endState: LEGUP_F_main_BB_filtezexitii_209)
   %276 = mul nsw i32 %dec_al2.0, %275 (endState: LEGUP_F_main_BB_filtezexitii_210)
   %280 = lshr i32 %261, 2 (endState: LEGUP_F_main_BB_filtezexitii_209)
   %281 = and i32 %280, 15 (endState: LEGUP_F_main_BB_filtezexitii_209)
   %282 = getelementptr inbounds [16 x i32]* @qq4_code4_table, i32 0, i32 %281 (endState: LEGUP_F_main_BB_filtezexitii_209)
   %283 = load i32* %282, align 4 (endState: LEGUP_F_main_BB_filtezexitii_211)
   %286 = load i32* %255, align 4 (endState: LEGUP_F_main_BB_filtezexitii_211)
   %290 = mul nsw i32 %dec_nbl.0, 127 (endState: LEGUP_F_main_BB_filtezexitii_210)
   %292 = getelementptr inbounds [16 x i32]* @wl_code_table, i32 0, i32 %281 (endState: LEGUP_F_main_BB_filtezexitii_209)
   Transition: default: LEGUP_F_main_BB_filtezexitii_210
state: LEGUP_F_main_BB_filtezexitii_210
   %277 = add nsw i32 %274, %276 (endState: LEGUP_F_main_BB_filtezexitii_210)
   %278 = ashr i32 %277, 15 (endState: LEGUP_F_main_BB_filtezexitii_210)
   %279 = add nsw i32 %278, %272 (endState: LEGUP_F_main_BB_filtezexitii_210)
   %291 = ashr i32 %290, 7 (endState: LEGUP_F_main_BB_filtezexitii_210)
   %293 = load i32* %292, align 4 (endState: LEGUP_F_main_BB_filtezexitii_212)
   Transition: default: LEGUP_F_main_BB_filtezexitii_211
state: LEGUP_F_main_BB_filtezexitii_211
   %284 = mul nsw i32 %dec_detl.0, %283 (endState: LEGUP_F_main_BB_filtezexitii_212)
   %287 = mul nsw i32 %dec_detl.0, %286 (endState: LEGUP_F_main_BB_filtezexitii_212)
   Transition: default: LEGUP_F_main_BB_filtezexitii_212
state: LEGUP_F_main_BB_filtezexitii_212
   %285 = ashr i32 %284, 15 (endState: LEGUP_F_main_BB_filtezexitii_212)
   %288 = ashr i32 %287, 15 (endState: LEGUP_F_main_BB_filtezexitii_212)
   %289 = add nsw i32 %288, %279 (endState: LEGUP_F_main_BB_filtezexitii_212)
   %294 = add nsw i32 %291, %293 (endState: LEGUP_F_main_BB_filtezexitii_212)
   %295 = icmp slt i32 %294, 0 (endState: LEGUP_F_main_BB_filtezexitii_212)
   br i1 %295, label %logscl.exit.i.i, label %296
   Transition: if (%295): LEGUP_F_main_BB_logsclexitii_214 default: LEGUP_F_main_BB__296_213
state: LEGUP_F_main_BB__296_213
   %297 = icmp sgt i32 %294, 18432 (endState: LEGUP_F_main_BB__296_213)
   %.490 = select i1 %297, i32 18432, i32 %294 (endState: LEGUP_F_main_BB__296_213)
   br label %logscl.exit.i.i
   Transition: default: LEGUP_F_main_BB_logsclexitii_214
state: LEGUP_F_main_BB_logsclexitii_214
   %.0463 = phi i32 [ 0, %filtez.exit.i.i ], [ %.490, %296 ] (endState: LEGUP_F_main_BB_logsclexitii_214)
   %298 = lshr i32 %.0463, 6 (endState: LEGUP_F_main_BB_logsclexitii_214)
   %299 = and i32 %298, 31 (endState: LEGUP_F_main_BB_logsclexitii_214)
   %300 = ashr i32 %.0463, 11 (endState: LEGUP_F_main_BB_logsclexitii_214)
   %301 = getelementptr inbounds [32 x i32]* @ilb_table, i32 0, i32 %299 (endState: LEGUP_F_main_BB_logsclexitii_214)
   %302 = load i32* %301, align 4 (endState: LEGUP_F_main_BB_logsclexitii_216)
   %303 = sub nsw i32 9, %300 (endState: LEGUP_F_main_BB_logsclexitii_214)
   %306 = add nsw i32 %285, %272 (endState: LEGUP_F_main_BB_logsclexitii_214)
   %307 = icmp eq i32 %285, 0 (endState: LEGUP_F_main_BB_logsclexitii_214)
   Transition: default: LEGUP_F_main_BB_logsclexitii_215
state: LEGUP_F_main_BB_logsclexitii_215
   Transition: default: LEGUP_F_main_BB_logsclexitii_216
state: LEGUP_F_main_BB_logsclexitii_216
   %304 = ashr i32 %302, %303 (endState: LEGUP_F_main_BB_logsclexitii_216)
   %305 = shl i32 %304, 3 (endState: LEGUP_F_main_BB_logsclexitii_216)
   br i1 %307, label %.preheader38.preheader, label %.preheader39.preheader
   Transition: if (%307): LEGUP_F_main_BB_preheader38preheader_218 default: LEGUP_F_main_BB_preheader39preheader_217
state: LEGUP_F_main_BB_preheader39preheader_217
   br label %.preheader39
   Transition: default: LEGUP_F_main_BB_preheader39_225
state: LEGUP_F_main_BB_preheader38preheader_218
   br label %.preheader38
   Transition: default: LEGUP_F_main_BB_preheader38_219
state: LEGUP_F_main_BB_preheader38_219
   %308 = phi i32 [ %313, %309 ], [ 0, %.preheader38.preheader ] (endState: LEGUP_F_main_BB_preheader38_219)
   %scevgep16 = getelementptr [6 x i32]* @dec_del_bpl, i32 0, i32 %308 (endState: LEGUP_F_main_BB_preheader38_219)
   %exitcond15 = icmp eq i32 %308, 6 (endState: LEGUP_F_main_BB_preheader38_219)
   br i1 %exitcond15, label %upzero.exit18.loopexit, label %309
   Transition: if (%exitcond15): LEGUP_F_main_BB_upzeroexit18loopexit_231 default: LEGUP_F_main_BB__309_220
state: LEGUP_F_main_BB__309_220
   %310 = load i32* %scevgep16, align 4 (endState: LEGUP_F_main_BB__309_222)
   %313 = add nsw i32 %308, 1 (endState: LEGUP_F_main_BB__309_220)
   Transition: default: LEGUP_F_main_BB__309_221
state: LEGUP_F_main_BB__309_221
   Transition: default: LEGUP_F_main_BB__309_222
state: LEGUP_F_main_BB__309_222
   %311 = mul nsw i32 %310, 255 (endState: LEGUP_F_main_BB__309_223)
   Transition: default: LEGUP_F_main_BB__309_223
state: LEGUP_F_main_BB__309_223
   %312 = ashr i32 %311, 8 (endState: LEGUP_F_main_BB__309_223)
   store i32 %312, i32* %scevgep16, align 4 (endState: LEGUP_F_main_BB__309_224)
   Transition: default: LEGUP_F_main_BB__309_224
state: LEGUP_F_main_BB__309_224
   br label %.preheader38
   Transition: default: LEGUP_F_main_BB_preheader38_219
state: LEGUP_F_main_BB_preheader39_225
   %314 = phi i32 [ %325, %315 ], [ 0, %.preheader39.preheader ] (endState: LEGUP_F_main_BB_preheader39_225)
   %scevgep13 = getelementptr [6 x i32]* @dec_del_bpl, i32 0, i32 %314 (endState: LEGUP_F_main_BB_preheader39_225)
   %exitcond12 = icmp eq i32 %314, 6 (endState: LEGUP_F_main_BB_preheader39_225)
   br i1 %exitcond12, label %upzero.exit18.loopexit2, label %315
   Transition: if (%exitcond12): LEGUP_F_main_BB_upzeroexit18loopexit2_232 default: LEGUP_F_main_BB__315_226
state: LEGUP_F_main_BB__315_226
   %scevgep14 = getelementptr [6 x i32]* @dec_del_dltx, i32 0, i32 %314 (endState: LEGUP_F_main_BB__315_226)
   %316 = load i32* %scevgep14, align 4 (endState: LEGUP_F_main_BB__315_228)
   %321 = load i32* %scevgep13, align 4 (endState: LEGUP_F_main_BB__315_228)
   %325 = add nsw i32 %314, 1 (endState: LEGUP_F_main_BB__315_226)
   Transition: default: LEGUP_F_main_BB__315_227
state: LEGUP_F_main_BB__315_227
   Transition: default: LEGUP_F_main_BB__315_228
state: LEGUP_F_main_BB__315_228
   %317 = mul nsw i32 %285, %316 (endState: LEGUP_F_main_BB__315_229)
   %322 = mul nsw i32 %321, 255 (endState: LEGUP_F_main_BB__315_229)
   Transition: default: LEGUP_F_main_BB__315_229
state: LEGUP_F_main_BB__315_229
   %318 = ashr i32 %317, 31 (endState: LEGUP_F_main_BB__315_229)
   %319 = and i32 %318, -256 (endState: LEGUP_F_main_BB__315_229)
   %320 = or i32 %319, 128 (endState: LEGUP_F_main_BB__315_229)
   %323 = ashr i32 %322, 8 (endState: LEGUP_F_main_BB__315_229)
   %324 = add nsw i32 %320, %323 (endState: LEGUP_F_main_BB__315_229)
   store i32 %324, i32* %scevgep13, align 4 (endState: LEGUP_F_main_BB__315_230)
   Transition: default: LEGUP_F_main_BB__315_230
state: LEGUP_F_main_BB__315_230
   br label %.preheader39
   Transition: default: LEGUP_F_main_BB_preheader39_225
state: LEGUP_F_main_BB_upzeroexit18loopexit_231
   br label %upzero.exit18
   Transition: default: LEGUP_F_main_BB_upzeroexit18_233
state: LEGUP_F_main_BB_upzeroexit18loopexit2_232
   br label %upzero.exit18
   Transition: default: LEGUP_F_main_BB_upzeroexit18_233
state: LEGUP_F_main_BB_upzeroexit18_233
   %326 = load i32* getelementptr inbounds ([6 x i32]* @dec_del_dltx, i32 0, i32 4), align 4 (endState: LEGUP_F_main_BB_upzeroexit18_235)
   %327 = load i32* getelementptr inbounds ([6 x i32]* @dec_del_dltx, i32 0, i32 3), align 4 (endState: LEGUP_F_main_BB_upzeroexit18_235)
   %329 = shl nsw i32 %dec_al1.0, 2 (endState: LEGUP_F_main_BB_upzeroexit18_233)
   %330 = mul nsw i32 %306, %dec_plt1.0 (endState: LEGUP_F_main_BB_upzeroexit18_234)
   %332 = sub nsw i32 0, %329 (endState: LEGUP_F_main_BB_upzeroexit18_233)
   %334 = mul nsw i32 %306, %dec_plt2.0 (endState: LEGUP_F_main_BB_upzeroexit18_234)
   %338 = mul nsw i32 %dec_al2.0, 127 (endState: LEGUP_F_main_BB_upzeroexit18_234)
   Transition: default: LEGUP_F_main_BB_upzeroexit18_234
state: LEGUP_F_main_BB_upzeroexit18_234
   %328 = load i32* getelementptr inbounds ([6 x i32]* @dec_del_dltx, i32 0, i32 2), align 4 (endState: LEGUP_F_main_BB_upzeroexit18_236)
   store i32 %263, i32* getelementptr inbounds ([6 x i32]* @dec_del_dltx, i32 0, i32 1), align 4 (endState: LEGUP_F_main_BB_upzeroexit18_235)
   %331 = icmp sgt i32 %330, -1 (endState: LEGUP_F_main_BB_upzeroexit18_234)
   %..i8 = select i1 %331, i32 %332, i32 %329 (endState: LEGUP_F_main_BB_upzeroexit18_234)
   %333 = ashr i32 %..i8, 7 (endState: LEGUP_F_main_BB_upzeroexit18_234)
   %335 = ashr i32 %334, 31 (endState: LEGUP_F_main_BB_upzeroexit18_234)
   %336 = and i32 %335, -256 (endState: LEGUP_F_main_BB_upzeroexit18_234)
   %337 = or i32 %336, 128 (endState: LEGUP_F_main_BB_upzeroexit18_234)
   %wd4.0.i9 = add nsw i32 %333, %337 (endState: LEGUP_F_main_BB_upzeroexit18_234)
   %339 = ashr i32 %338, 7 (endState: LEGUP_F_main_BB_upzeroexit18_234)
   %340 = add nsw i32 %wd4.0.i9, %339 (endState: LEGUP_F_main_BB_upzeroexit18_234)
   %341 = icmp sgt i32 %340, 12288 (endState: LEGUP_F_main_BB_upzeroexit18_234)
   Transition: default: LEGUP_F_main_BB_upzeroexit18_235
state: LEGUP_F_main_BB_upzeroexit18_235
   store i32 %326, i32* getelementptr inbounds ([6 x i32]* @dec_del_dltx, i32 0, i32 5), align 4 (endState: LEGUP_F_main_BB_upzeroexit18_236)
   store i32 %285, i32* getelementptr inbounds ([6 x i32]* @dec_del_dltx, i32 0, i32 0), align 4 (endState: LEGUP_F_main_BB_upzeroexit18_236)
   Transition: default: LEGUP_F_main_BB_upzeroexit18_236
state: LEGUP_F_main_BB_upzeroexit18_236
   store i32 %327, i32* getelementptr inbounds ([6 x i32]* @dec_del_dltx, i32 0, i32 4), align 4 (endState: LEGUP_F_main_BB_upzeroexit18_237)
   store i32 %328, i32* getelementptr inbounds ([6 x i32]* @dec_del_dltx, i32 0, i32 3), align 4 (endState: LEGUP_F_main_BB_upzeroexit18_237)
   Transition: default: LEGUP_F_main_BB_upzeroexit18_237
state: LEGUP_F_main_BB_upzeroexit18_237
   br i1 %341, label %uppol2.exit12, label %342
   Transition: if (%341): LEGUP_F_main_BB_uppol2exit12_239 default: LEGUP_F_main_BB__342_238
state: LEGUP_F_main_BB__342_238
   %343 = icmp slt i32 %340, -12288 (endState: LEGUP_F_main_BB__342_238)
   %.9.i10 = select i1 %343, i32 -12288, i32 %340 (endState: LEGUP_F_main_BB__342_238)
   br label %uppol2.exit12
   Transition: default: LEGUP_F_main_BB_uppol2exit12_239
state: LEGUP_F_main_BB_uppol2exit12_239
   %344 = phi i32 [ %.9.i10, %342 ], [ 12288, %upzero.exit18 ] (endState: LEGUP_F_main_BB_uppol2exit12_239)
   %345 = mul nsw i32 %dec_al1.0, 255 (endState: LEGUP_F_main_BB_uppol2exit12_240)
   %347 = ashr i32 %330, 31 (endState: LEGUP_F_main_BB_uppol2exit12_239)
   %348 = and i32 %347, -384 (endState: LEGUP_F_main_BB_uppol2exit12_239)
   %349 = add nsw i32 %348, 192 (endState: LEGUP_F_main_BB_uppol2exit12_239)
   %350 = sub nsw i32 15360, %344 (endState: LEGUP_F_main_BB_uppol2exit12_239)
   %352 = load i32* getelementptr inbounds ([6 x i32]* @dec_del_bph, i32 0, i32 0), align 4 (endState: LEGUP_F_main_BB_uppol2exit12_241)
   %353 = load i32* getelementptr inbounds ([6 x i32]* @dec_del_dhx, i32 0, i32 0), align 4 (endState: LEGUP_F_main_BB_uppol2exit12_241)
   Transition: default: LEGUP_F_main_BB_uppol2exit12_240
state: LEGUP_F_main_BB_uppol2exit12_240
   %346 = ashr i32 %345, 8 (endState: LEGUP_F_main_BB_uppol2exit12_240)
   %apl1.i11.i.i.0 = add nsw i32 %346, %349 (endState: LEGUP_F_main_BB_uppol2exit12_240)
   %351 = icmp sgt i32 %apl1.i11.i.i.0, %350 (endState: LEGUP_F_main_BB_uppol2exit12_240)
   Transition: default: LEGUP_F_main_BB_uppol2exit12_241
state: LEGUP_F_main_BB_uppol2exit12_241
   %354 = mul nsw i32 %352, %353 (endState: LEGUP_F_main_BB_uppol2exit12_242)
   Transition: default: LEGUP_F_main_BB_uppol2exit12_242
state: LEGUP_F_main_BB_uppol2exit12_242
   br label %355
   Transition: default: LEGUP_F_main_BB__355_243
state: LEGUP_F_main_BB__355_243
   %indvar17 = phi i32 [ %indvar.next18, %356 ], [ 0, %uppol2.exit12 ] (endState: LEGUP_F_main_BB__355_243)
   %zl.i7.i.i.0 = phi i32 [ %360, %356 ], [ %354, %uppol2.exit12 ] (endState: LEGUP_F_main_BB__355_243)
   %i.i6.i.i.0 = add i32 %indvar17, 1 (endState: LEGUP_F_main_BB__355_243)
   %exitcond19 = icmp eq i32 %indvar17, 5 (endState: LEGUP_F_main_BB__355_243)
   br i1 %exitcond19, label %filtez.exit8.i.i, label %356
   Transition: if (%exitcond19): LEGUP_F_main_BB_filtezexit8ii_248 default: LEGUP_F_main_BB__356_244
state: LEGUP_F_main_BB__356_244
   %.0465 = getelementptr [6 x i32]* @dec_del_dhx, i32 0, i32 %i.i6.i.i.0 (endState: LEGUP_F_main_BB__356_244)
   %.0466 = getelementptr [6 x i32]* @dec_del_bph, i32 0, i32 %i.i6.i.i.0 (endState: LEGUP_F_main_BB__356_244)
   %357 = load i32* %.0466, align 4 (endState: LEGUP_F_main_BB__356_246)
   %358 = load i32* %.0465, align 4 (endState: LEGUP_F_main_BB__356_246)
   %indvar.next18 = add i32 %indvar17, 1 (endState: LEGUP_F_main_BB__356_244)
   Transition: default: LEGUP_F_main_BB__356_245
state: LEGUP_F_main_BB__356_245
   Transition: default: LEGUP_F_main_BB__356_246
state: LEGUP_F_main_BB__356_246
   %359 = mul nsw i32 %357, %358 (endState: LEGUP_F_main_BB__356_247)
   Transition: default: LEGUP_F_main_BB__356_247
state: LEGUP_F_main_BB__356_247
   %360 = add nsw i32 %zl.i7.i.i.0, %359 (endState: LEGUP_F_main_BB__356_247)
   br label %355
   Transition: default: LEGUP_F_main_BB__355_243
state: LEGUP_F_main_BB_filtezexit8ii_248
   %361 = sub nsw i32 0, %350 (endState: LEGUP_F_main_BB_filtezexit8ii_248)
   %.apl1.i11.i.i.0 = select i1 %351, i32 %350, i32 %apl1.i11.i.i.0 (endState: LEGUP_F_main_BB_filtezexit8ii_248)
   %362 = icmp slt i32 %.apl1.i11.i.i.0, %361 (endState: LEGUP_F_main_BB_filtezexit8ii_248)
   %apl1.i11.i.i.2 = select i1 %362, i32 %361, i32 %.apl1.i11.i.i.0 (endState: LEGUP_F_main_BB_filtezexit8ii_248)
   %363 = add nsw i32 %279, %285 (endState: LEGUP_F_main_BB_filtezexit8ii_248)
   %364 = ashr i32 %zl.i7.i.i.0, 14 (endState: LEGUP_F_main_BB_filtezexit8ii_248)
   %365 = shl nsw i32 %dec_rh1.0, 1 (endState: LEGUP_F_main_BB_filtezexit8ii_248)
   %366 = mul nsw i32 %dec_ah1.0, %365 (endState: LEGUP_F_main_BB_filtezexit8ii_249)
   %367 = shl nsw i32 %dec_rh2.0, 1 (endState: LEGUP_F_main_BB_filtezexit8ii_248)
   %368 = mul nsw i32 %dec_ah2.0, %367 (endState: LEGUP_F_main_BB_filtezexit8ii_249)
   %372 = getelementptr inbounds [4 x i32]* @qq2_code2_table, i32 0, i32 %271 (endState: LEGUP_F_main_BB_filtezexit8ii_248)
   %373 = load i32* %372, align 4 (endState: LEGUP_F_main_BB_filtezexit8ii_250)
   %376 = mul nsw i32 %dec_nbh.0, 127 (endState: LEGUP_F_main_BB_filtezexit8ii_249)
   %378 = getelementptr inbounds [4 x i32]* @wh_code_table, i32 0, i32 %271 (endState: LEGUP_F_main_BB_filtezexit8ii_248)
   %379 = load i32* %378, align 4 (endState: LEGUP_F_main_BB_filtezexit8ii_250)
   Transition: default: LEGUP_F_main_BB_filtezexit8ii_249
state: LEGUP_F_main_BB_filtezexit8ii_249
   %369 = add nsw i32 %366, %368 (endState: LEGUP_F_main_BB_filtezexit8ii_249)
   %370 = ashr i32 %369, 15 (endState: LEGUP_F_main_BB_filtezexit8ii_249)
   %371 = add nsw i32 %370, %364 (endState: LEGUP_F_main_BB_filtezexit8ii_249)
   %377 = ashr i32 %376, 7 (endState: LEGUP_F_main_BB_filtezexit8ii_249)
   Transition: default: LEGUP_F_main_BB_filtezexit8ii_250
state: LEGUP_F_main_BB_filtezexit8ii_250
   %374 = mul nsw i32 %dec_deth.0, %373 (endState: LEGUP_F_main_BB_filtezexit8ii_251)
   %380 = add nsw i32 %377, %379 (endState: LEGUP_F_main_BB_filtezexit8ii_250)
   %381 = icmp slt i32 %380, 0 (endState: LEGUP_F_main_BB_filtezexit8ii_250)
   Transition: default: LEGUP_F_main_BB_filtezexit8ii_251
state: LEGUP_F_main_BB_filtezexit8ii_251
   %375 = ashr i32 %374, 15 (endState: LEGUP_F_main_BB_filtezexit8ii_251)
   br i1 %381, label %logsch.exit.i.i, label %382
   Transition: if (%381): LEGUP_F_main_BB_logschexitii_253 default: LEGUP_F_main_BB__382_252
state: LEGUP_F_main_BB__382_252
   %383 = icmp sgt i32 %380, 22528 (endState: LEGUP_F_main_BB__382_252)
   %.491 = select i1 %383, i32 22528, i32 %380 (endState: LEGUP_F_main_BB__382_252)
   br label %logsch.exit.i.i
   Transition: default: LEGUP_F_main_BB_logschexitii_253
state: LEGUP_F_main_BB_logschexitii_253
   %.0464 = phi i32 [ 0, %filtez.exit8.i.i ], [ %.491, %382 ] (endState: LEGUP_F_main_BB_logschexitii_253)
   %384 = lshr i32 %.0464, 6 (endState: LEGUP_F_main_BB_logschexitii_253)
   %385 = and i32 %384, 31 (endState: LEGUP_F_main_BB_logschexitii_253)
   %386 = ashr i32 %.0464, 11 (endState: LEGUP_F_main_BB_logschexitii_253)
   %387 = getelementptr inbounds [32 x i32]* @ilb_table, i32 0, i32 %385 (endState: LEGUP_F_main_BB_logschexitii_253)
   %388 = load i32* %387, align 4 (endState: LEGUP_F_main_BB_logschexitii_255)
   %389 = sub nsw i32 11, %386 (endState: LEGUP_F_main_BB_logschexitii_253)
   %392 = add nsw i32 %375, %364 (endState: LEGUP_F_main_BB_logschexitii_253)
   %393 = icmp eq i32 %375, 0 (endState: LEGUP_F_main_BB_logschexitii_253)
   Transition: default: LEGUP_F_main_BB_logschexitii_254
state: LEGUP_F_main_BB_logschexitii_254
   Transition: default: LEGUP_F_main_BB_logschexitii_255
state: LEGUP_F_main_BB_logschexitii_255
   %390 = ashr i32 %388, %389 (endState: LEGUP_F_main_BB_logschexitii_255)
   %391 = shl i32 %390, 3 (endState: LEGUP_F_main_BB_logschexitii_255)
   br i1 %393, label %.preheader35.preheader, label %.preheader36.preheader
   Transition: if (%393): LEGUP_F_main_BB_preheader35preheader_257 default: LEGUP_F_main_BB_preheader36preheader_256
state: LEGUP_F_main_BB_preheader36preheader_256
   br label %.preheader36
   Transition: default: LEGUP_F_main_BB_preheader36_264
state: LEGUP_F_main_BB_preheader35preheader_257
   br label %.preheader35
   Transition: default: LEGUP_F_main_BB_preheader35_258
state: LEGUP_F_main_BB_preheader35_258
   %394 = phi i32 [ %399, %395 ], [ 0, %.preheader35.preheader ] (endState: LEGUP_F_main_BB_preheader35_258)
   %scevgep26 = getelementptr [6 x i32]* @dec_del_bph, i32 0, i32 %394 (endState: LEGUP_F_main_BB_preheader35_258)
   %exitcond25 = icmp eq i32 %394, 6 (endState: LEGUP_F_main_BB_preheader35_258)
   br i1 %exitcond25, label %upzero.exit7.loopexit, label %395
   Transition: if (%exitcond25): LEGUP_F_main_BB_upzeroexit7loopexit_270 default: LEGUP_F_main_BB__395_259
state: LEGUP_F_main_BB__395_259
   %396 = load i32* %scevgep26, align 4 (endState: LEGUP_F_main_BB__395_261)
   %399 = add nsw i32 %394, 1 (endState: LEGUP_F_main_BB__395_259)
   Transition: default: LEGUP_F_main_BB__395_260
state: LEGUP_F_main_BB__395_260
   Transition: default: LEGUP_F_main_BB__395_261
state: LEGUP_F_main_BB__395_261
   %397 = mul nsw i32 %396, 255 (endState: LEGUP_F_main_BB__395_262)
   Transition: default: LEGUP_F_main_BB__395_262
state: LEGUP_F_main_BB__395_262
   %398 = ashr i32 %397, 8 (endState: LEGUP_F_main_BB__395_262)
   store i32 %398, i32* %scevgep26, align 4 (endState: LEGUP_F_main_BB__395_263)
   Transition: default: LEGUP_F_main_BB__395_263
state: LEGUP_F_main_BB__395_263
   br label %.preheader35
   Transition: default: LEGUP_F_main_BB_preheader35_258
state: LEGUP_F_main_BB_preheader36_264
   %400 = phi i32 [ %411, %401 ], [ 0, %.preheader36.preheader ] (endState: LEGUP_F_main_BB_preheader36_264)
   %scevgep23 = getelementptr [6 x i32]* @dec_del_bph, i32 0, i32 %400 (endState: LEGUP_F_main_BB_preheader36_264)
   %exitcond22 = icmp eq i32 %400, 6 (endState: LEGUP_F_main_BB_preheader36_264)
   br i1 %exitcond22, label %upzero.exit7.loopexit1, label %401
   Transition: if (%exitcond22): LEGUP_F_main_BB_upzeroexit7loopexit1_271 default: LEGUP_F_main_BB__401_265
state: LEGUP_F_main_BB__401_265
   %scevgep24 = getelementptr [6 x i32]* @dec_del_dhx, i32 0, i32 %400 (endState: LEGUP_F_main_BB__401_265)
   %402 = load i32* %scevgep24, align 4 (endState: LEGUP_F_main_BB__401_267)
   %407 = load i32* %scevgep23, align 4 (endState: LEGUP_F_main_BB__401_267)
   %411 = add nsw i32 %400, 1 (endState: LEGUP_F_main_BB__401_265)
   Transition: default: LEGUP_F_main_BB__401_266
state: LEGUP_F_main_BB__401_266
   Transition: default: LEGUP_F_main_BB__401_267
state: LEGUP_F_main_BB__401_267
   %403 = mul nsw i32 %375, %402 (endState: LEGUP_F_main_BB__401_268)
   %408 = mul nsw i32 %407, 255 (endState: LEGUP_F_main_BB__401_268)
   Transition: default: LEGUP_F_main_BB__401_268
state: LEGUP_F_main_BB__401_268
   %404 = ashr i32 %403, 31 (endState: LEGUP_F_main_BB__401_268)
   %405 = and i32 %404, -256 (endState: LEGUP_F_main_BB__401_268)
   %406 = or i32 %405, 128 (endState: LEGUP_F_main_BB__401_268)
   %409 = ashr i32 %408, 8 (endState: LEGUP_F_main_BB__401_268)
   %410 = add nsw i32 %406, %409 (endState: LEGUP_F_main_BB__401_268)
   store i32 %410, i32* %scevgep23, align 4 (endState: LEGUP_F_main_BB__401_269)
   Transition: default: LEGUP_F_main_BB__401_269
state: LEGUP_F_main_BB__401_269
   br label %.preheader36
   Transition: default: LEGUP_F_main_BB_preheader36_264
state: LEGUP_F_main_BB_upzeroexit7loopexit_270
   br label %upzero.exit7
   Transition: default: LEGUP_F_main_BB_upzeroexit7_272
state: LEGUP_F_main_BB_upzeroexit7loopexit1_271
   br label %upzero.exit7
   Transition: default: LEGUP_F_main_BB_upzeroexit7_272
state: LEGUP_F_main_BB_upzeroexit7_272
   %412 = load i32* getelementptr inbounds ([6 x i32]* @dec_del_dhx, i32 0, i32 4), align 4 (endState: LEGUP_F_main_BB_upzeroexit7_274)
   %413 = load i32* getelementptr inbounds ([6 x i32]* @dec_del_dhx, i32 0, i32 3), align 4 (endState: LEGUP_F_main_BB_upzeroexit7_274)
   %415 = shl nsw i32 %dec_ah1.0, 2 (endState: LEGUP_F_main_BB_upzeroexit7_272)
   %416 = mul nsw i32 %392, %dec_ph1.0 (endState: LEGUP_F_main_BB_upzeroexit7_273)
   %418 = sub nsw i32 0, %415 (endState: LEGUP_F_main_BB_upzeroexit7_272)
   %420 = mul nsw i32 %392, %dec_ph2.0 (endState: LEGUP_F_main_BB_upzeroexit7_273)
   %424 = mul nsw i32 %dec_ah2.0, 127 (endState: LEGUP_F_main_BB_upzeroexit7_273)
   Transition: default: LEGUP_F_main_BB_upzeroexit7_273
state: LEGUP_F_main_BB_upzeroexit7_273
   %414 = load i32* getelementptr inbounds ([6 x i32]* @dec_del_dhx, i32 0, i32 2), align 4 (endState: LEGUP_F_main_BB_upzeroexit7_275)
   store i32 %353, i32* getelementptr inbounds ([6 x i32]* @dec_del_dhx, i32 0, i32 1), align 4 (endState: LEGUP_F_main_BB_upzeroexit7_274)
   %417 = icmp sgt i32 %416, -1 (endState: LEGUP_F_main_BB_upzeroexit7_273)
   %..i1 = select i1 %417, i32 %418, i32 %415 (endState: LEGUP_F_main_BB_upzeroexit7_273)
   %419 = ashr i32 %..i1, 7 (endState: LEGUP_F_main_BB_upzeroexit7_273)
   %421 = ashr i32 %420, 31 (endState: LEGUP_F_main_BB_upzeroexit7_273)
   %422 = and i32 %421, -256 (endState: LEGUP_F_main_BB_upzeroexit7_273)
   %423 = or i32 %422, 128 (endState: LEGUP_F_main_BB_upzeroexit7_273)
   %wd4.0.i = add nsw i32 %419, %423 (endState: LEGUP_F_main_BB_upzeroexit7_273)
   %425 = ashr i32 %424, 7 (endState: LEGUP_F_main_BB_upzeroexit7_273)
   %426 = add nsw i32 %wd4.0.i, %425 (endState: LEGUP_F_main_BB_upzeroexit7_273)
   %427 = icmp sgt i32 %426, 12288 (endState: LEGUP_F_main_BB_upzeroexit7_273)
   Transition: default: LEGUP_F_main_BB_upzeroexit7_274
state: LEGUP_F_main_BB_upzeroexit7_274
   store i32 %412, i32* getelementptr inbounds ([6 x i32]* @dec_del_dhx, i32 0, i32 5), align 4 (endState: LEGUP_F_main_BB_upzeroexit7_275)
   store i32 %375, i32* getelementptr inbounds ([6 x i32]* @dec_del_dhx, i32 0, i32 0), align 4 (endState: LEGUP_F_main_BB_upzeroexit7_275)
   Transition: default: LEGUP_F_main_BB_upzeroexit7_275
state: LEGUP_F_main_BB_upzeroexit7_275
   store i32 %413, i32* getelementptr inbounds ([6 x i32]* @dec_del_dhx, i32 0, i32 4), align 4 (endState: LEGUP_F_main_BB_upzeroexit7_276)
   store i32 %414, i32* getelementptr inbounds ([6 x i32]* @dec_del_dhx, i32 0, i32 3), align 4 (endState: LEGUP_F_main_BB_upzeroexit7_276)
   Transition: default: LEGUP_F_main_BB_upzeroexit7_276
state: LEGUP_F_main_BB_upzeroexit7_276
   br i1 %427, label %uppol2.exit, label %428
   Transition: if (%427): LEGUP_F_main_BB_uppol2exit_278 default: LEGUP_F_main_BB__428_277
state: LEGUP_F_main_BB__428_277
   %429 = icmp slt i32 %426, -12288 (endState: LEGUP_F_main_BB__428_277)
   %.9.i = select i1 %429, i32 -12288, i32 %426 (endState: LEGUP_F_main_BB__428_277)
   br label %uppol2.exit
   Transition: default: LEGUP_F_main_BB_uppol2exit_278
state: LEGUP_F_main_BB_uppol2exit_278
   %430 = phi i32 [ %.9.i, %428 ], [ 12288, %upzero.exit7 ] (endState: LEGUP_F_main_BB_uppol2exit_278)
   %431 = mul nsw i32 %dec_ah1.0, 255 (endState: LEGUP_F_main_BB_uppol2exit_279)
   %433 = ashr i32 %416, 31 (endState: LEGUP_F_main_BB_uppol2exit_278)
   %434 = and i32 %433, -384 (endState: LEGUP_F_main_BB_uppol2exit_278)
   %435 = add nsw i32 %434, 192 (endState: LEGUP_F_main_BB_uppol2exit_278)
   %436 = sub nsw i32 15360, %430 (endState: LEGUP_F_main_BB_uppol2exit_278)
   %438 = add nsw i32 %371, %375 (endState: LEGUP_F_main_BB_uppol2exit_278)
   %439 = sub nsw i32 %289, %438 (endState: LEGUP_F_main_BB_uppol2exit_278)
   %440 = add nsw i32 %289, %438 (endState: LEGUP_F_main_BB_uppol2exit_278)
   %441 = mul nsw i32 %439, 12 (endState: LEGUP_F_main_BB_uppol2exit_279)
   %442 = mul nsw i32 %440, -44 (endState: LEGUP_F_main_BB_uppol2exit_279)
   Transition: default: LEGUP_F_main_BB_uppol2exit_279
state: LEGUP_F_main_BB_uppol2exit_279
   %432 = ashr i32 %431, 8 (endState: LEGUP_F_main_BB_uppol2exit_279)
   %apl1.i.i.i.0 = add nsw i32 %432, %435 (endState: LEGUP_F_main_BB_uppol2exit_279)
   %437 = icmp sgt i32 %apl1.i.i.i.0, %436 (endState: LEGUP_F_main_BB_uppol2exit_279)
   br label %443
   Transition: default: LEGUP_F_main_BB__443_280
state: LEGUP_F_main_BB__443_280
   %444 = phi i32 [ 0, %uppol2.exit ], [ %457, %446 ] (endState: LEGUP_F_main_BB__443_280)
   %xa1.i.i.0 = phi i32 [ %441, %uppol2.exit ], [ %452, %446 ] (endState: LEGUP_F_main_BB__443_280)
   %xa2.i.i.0 = phi i32 [ %442, %uppol2.exit ], [ %456, %446 ] (endState: LEGUP_F_main_BB__443_280)
   %445 = shl i32 %444, 1 (endState: LEGUP_F_main_BB__443_280)
   %exitcond27 = icmp eq i32 %444, 10 (endState: LEGUP_F_main_BB__443_280)
   br i1 %exitcond27, label %458, label %446
   Transition: if (%exitcond27): LEGUP_F_main_BB__458_287 default: LEGUP_F_main_BB__446_281
state: LEGUP_F_main_BB__446_281
   %ad_ptr.i.i.0 = getelementptr [11 x i32]* @accumd, i32 0, i32 %444 (endState: LEGUP_F_main_BB__446_281)
   %ac_ptr.i.i.0 = getelementptr [11 x i32]* @accumc, i32 0, i32 %444 (endState: LEGUP_F_main_BB__446_281)
   %447 = add i32 %445, 3 (endState: LEGUP_F_main_BB__446_281)
   %448 = add i32 %445, 2 (endState: LEGUP_F_main_BB__446_281)
   %449 = load i32* %ac_ptr.i.i.0, align 4 (endState: LEGUP_F_main_BB__446_283)
   %457 = add nsw i32 %444, 1 (endState: LEGUP_F_main_BB__446_281)
   Transition: default: LEGUP_F_main_BB__446_282
state: LEGUP_F_main_BB__446_282
   %scevgep29 = getelementptr [24 x i32]* @h, i32 0, i32 %447 (endState: LEGUP_F_main_BB__446_282)
   %h_ptr.i.i.0 = getelementptr [24 x i32]* @h, i32 0, i32 %448 (endState: LEGUP_F_main_BB__446_282)
   %450 = load i32* %h_ptr.i.i.0, align 4 (endState: LEGUP_F_main_BB__446_284)
   %453 = load i32* %ad_ptr.i.i.0, align 4 (endState: LEGUP_F_main_BB__446_284)
   Transition: default: LEGUP_F_main_BB__446_283
state: LEGUP_F_main_BB__446_283
   %454 = load i32* %scevgep29, align 4 (endState: LEGUP_F_main_BB__446_285)
   Transition: default: LEGUP_F_main_BB__446_284
state: LEGUP_F_main_BB__446_284
   %451 = mul nsw i32 %449, %450 (endState: LEGUP_F_main_BB__446_285)
   Transition: default: LEGUP_F_main_BB__446_285
state: LEGUP_F_main_BB__446_285
   %452 = add nsw i32 %xa1.i.i.0, %451 (endState: LEGUP_F_main_BB__446_285)
   %455 = mul nsw i32 %453, %454 (endState: LEGUP_F_main_BB__446_286)
   Transition: default: LEGUP_F_main_BB__446_286
state: LEGUP_F_main_BB__446_286
   %456 = add nsw i32 %xa2.i.i.0, %455 (endState: LEGUP_F_main_BB__446_286)
   br label %443
   Transition: default: LEGUP_F_main_BB__443_280
state: LEGUP_F_main_BB__458_287
   %459 = sub nsw i32 0, %436 (endState: LEGUP_F_main_BB__458_287)
   %460 = load i32* getelementptr inbounds ([11 x i32]* @accumc, i32 0, i32 10), align 4 (endState: LEGUP_F_main_BB__458_289)
   %461 = load i32* getelementptr inbounds ([11 x i32]* @accumd, i32 0, i32 10), align 4 (endState: LEGUP_F_main_BB__458_289)
   Transition: default: LEGUP_F_main_BB__458_288
state: LEGUP_F_main_BB__458_288
   Transition: default: LEGUP_F_main_BB__458_289
state: LEGUP_F_main_BB__458_289
   br label %462
   Transition: default: LEGUP_F_main_BB__462_290
state: LEGUP_F_main_BB__462_290
   %463 = phi i32 [ 0, %458 ], [ %469, %466 ] (endState: LEGUP_F_main_BB__462_290)
   %464 = sub i32 10, %463 (endState: LEGUP_F_main_BB__462_290)
   %465 = sub i32 9, %463 (endState: LEGUP_F_main_BB__462_290)
   %exitcond32 = icmp eq i32 %463, 10 (endState: LEGUP_F_main_BB__462_290)
   br i1 %exitcond32, label %decode.exit.i, label %466
   Transition: if (%exitcond32): LEGUP_F_main_BB_decodeexiti_295 default: LEGUP_F_main_BB__466_291
state: LEGUP_F_main_BB__466_291
   %ad_ptr1.i.i.0 = getelementptr [11 x i32]* @accumd, i32 0, i32 %465 (endState: LEGUP_F_main_BB__466_291)
   %ad_ptr.i.i.1 = getelementptr [11 x i32]* @accumd, i32 0, i32 %464 (endState: LEGUP_F_main_BB__466_291)
   %ac_ptr1.i.i.0 = getelementptr [11 x i32]* @accumc, i32 0, i32 %465 (endState: LEGUP_F_main_BB__466_291)
   %ac_ptr.i.i.1 = getelementptr [11 x i32]* @accumc, i32 0, i32 %464 (endState: LEGUP_F_main_BB__466_291)
   %467 = load i32* %ac_ptr1.i.i.0, align 4 (endState: LEGUP_F_main_BB__466_293)
   %468 = load i32* %ad_ptr1.i.i.0, align 4 (endState: LEGUP_F_main_BB__466_293)
   %469 = add nsw i32 %463, 1 (endState: LEGUP_F_main_BB__466_291)
   Transition: default: LEGUP_F_main_BB__466_292
state: LEGUP_F_main_BB__466_292
   Transition: default: LEGUP_F_main_BB__466_293
state: LEGUP_F_main_BB__466_293
   store i32 %467, i32* %ac_ptr.i.i.1, align 4 (endState: LEGUP_F_main_BB__466_294)
   store i32 %468, i32* %ad_ptr.i.i.1, align 4 (endState: LEGUP_F_main_BB__466_294)
   Transition: default: LEGUP_F_main_BB__466_294
state: LEGUP_F_main_BB__466_294
   br label %462
   Transition: default: LEGUP_F_main_BB__462_290
state: LEGUP_F_main_BB_decodeexiti_295
   %.apl1.i.i.i.0 = select i1 %437, i32 %436, i32 %apl1.i.i.i.0 (endState: LEGUP_F_main_BB_decodeexiti_295)
   %470 = icmp slt i32 %.apl1.i.i.i.0, %459 (endState: LEGUP_F_main_BB_decodeexiti_295)
   %471 = mul nsw i32 %460, -44 (endState: LEGUP_F_main_BB_decodeexiti_296)
   %472 = mul nsw i32 %461, 12 (endState: LEGUP_F_main_BB_decodeexiti_296)
   %apl1.i.i.i.2 = select i1 %470, i32 %459, i32 %.apl1.i.i.i.0 (endState: LEGUP_F_main_BB_decodeexiti_295)
   store i32 %439, i32* getelementptr inbounds ([11 x i32]* @accumc, i32 0, i32 0), align 4 (endState: LEGUP_F_main_BB_decodeexiti_296)
   store i32 %440, i32* getelementptr inbounds ([11 x i32]* @accumd, i32 0, i32 0), align 4 (endState: LEGUP_F_main_BB_decodeexiti_296)
   %indvar.next38 = add i32 %indvar37, 1 (endState: LEGUP_F_main_BB_decodeexiti_295)
   Transition: default: LEGUP_F_main_BB_decodeexiti_296
state: LEGUP_F_main_BB_decodeexiti_296
   %473 = add nsw i32 %xa1.i.i.0, %471 (endState: LEGUP_F_main_BB_decodeexiti_296)
   %474 = ashr i32 %473, 14 (endState: LEGUP_F_main_BB_decodeexiti_296)
   %475 = add nsw i32 %xa2.i.i.0, %472 (endState: LEGUP_F_main_BB_decodeexiti_296)
   %476 = ashr i32 %475, 14 (endState: LEGUP_F_main_BB_decodeexiti_296)
   store i32 %474, i32* %scevgep41, align 4 (endState: LEGUP_F_main_BB_decodeexiti_297)
   store i32 %476, i32* %scevgep40, align 4 (endState: LEGUP_F_main_BB_decodeexiti_297)
   Transition: default: LEGUP_F_main_BB_decodeexiti_297
state: LEGUP_F_main_BB_decodeexiti_297
   br label %256
   Transition: default: LEGUP_F_main_BB__256_167
state: LEGUP_F_main_BB_adpcm_mainexit_298
   %477 = phi i32 [ %483, %478 ], [ 0, %adpcm_main.exit.preheader ] (endState: LEGUP_F_main_BB_adpcm_mainexit_298)
   %main_result.0 = phi i32 [ %.main_result.0, %478 ], [ 0, %adpcm_main.exit.preheader ] (endState: LEGUP_F_main_BB_adpcm_mainexit_298)
   %exitcond = icmp eq i32 %477, 50 (endState: LEGUP_F_main_BB_adpcm_mainexit_298)
   br i1 %exitcond, label %.preheader.preheader, label %478
   Transition: if (%exitcond): LEGUP_F_main_BB_preheaderpreheader_299 default: LEGUP_F_main_BB__478_300
state: LEGUP_F_main_BB_preheaderpreheader_299
   br label %.preheader
   Transition: default: LEGUP_F_main_BB_preheader_303
state: LEGUP_F_main_BB__478_300
   %scevgep8 = getelementptr [100 x i32]* @compressed, i32 0, i32 %477 (endState: LEGUP_F_main_BB__478_300)
   %scevgep7 = getelementptr [100 x i32]* @test_compressed, i32 0, i32 %477 (endState: LEGUP_F_main_BB__478_300)
   %479 = load i32* %scevgep8, align 4 (endState: LEGUP_F_main_BB__478_302)
   %480 = load i32* %scevgep7, align 4 (endState: LEGUP_F_main_BB__478_302)
   %483 = add nsw i32 %477, 1 (endState: LEGUP_F_main_BB__478_300)
   Transition: default: LEGUP_F_main_BB__478_301
state: LEGUP_F_main_BB__478_301
   Transition: default: LEGUP_F_main_BB__478_302
state: LEGUP_F_main_BB__478_302
   %481 = icmp eq i32 %479, %480 (endState: LEGUP_F_main_BB__478_302)
   %482 = zext i1 %481 to i32 (endState: LEGUP_F_main_BB__478_302)
   %.main_result.0 = add nsw i32 %main_result.0, %482 (endState: LEGUP_F_main_BB__478_302)
   br label %adpcm_main.exit
   Transition: default: LEGUP_F_main_BB_adpcm_mainexit_298
state: LEGUP_F_main_BB_preheader_303
   %484 = phi i32 [ %490, %485 ], [ 0, %.preheader.preheader ] (endState: LEGUP_F_main_BB_preheader_303)
   %main_result.2 = phi i32 [ %.main_result.2, %485 ], [ %main_result.0, %.preheader.preheader ] (endState: LEGUP_F_main_BB_preheader_303)
   %exitcond5 = icmp eq i32 %484, 100 (endState: LEGUP_F_main_BB_preheader_303)
   br i1 %exitcond5, label %491, label %485
   Transition: if (%exitcond5): LEGUP_F_main_BB__491_307 default: LEGUP_F_main_BB__485_304
state: LEGUP_F_main_BB__485_304
   %scevgep6 = getelementptr [100 x i32]* @result, i32 0, i32 %484 (endState: LEGUP_F_main_BB__485_304)
   %scevgep = getelementptr [100 x i32]* @test_result, i32 0, i32 %484 (endState: LEGUP_F_main_BB__485_304)
   %486 = load i32* %scevgep6, align 4 (endState: LEGUP_F_main_BB__485_306)
   %487 = load i32* %scevgep, align 4 (endState: LEGUP_F_main_BB__485_306)
   %490 = add nsw i32 %484, 1 (endState: LEGUP_F_main_BB__485_304)
   Transition: default: LEGUP_F_main_BB__485_305
state: LEGUP_F_main_BB__485_305
   Transition: default: LEGUP_F_main_BB__485_306
state: LEGUP_F_main_BB__485_306
   %488 = icmp eq i32 %486, %487 (endState: LEGUP_F_main_BB__485_306)
   %489 = zext i1 %488 to i32 (endState: LEGUP_F_main_BB__485_306)
   %.main_result.2 = add nsw i32 %main_result.2, %489 (endState: LEGUP_F_main_BB__485_306)
   br label %.preheader
   Transition: default: LEGUP_F_main_BB_preheader_303
state: LEGUP_F_main_BB__491_307
   %492 = call i32 (i8*, ...)* @printf(i8* getelementptr inbounds ([12 x i8]* @.str, i32 0, i32 0), i32 %main_result.2) #1 (endState: LEGUP_F_main_BB__491_307)
   %493 = icmp eq i32 %main_result.2, 150 (endState: LEGUP_F_main_BB__491_307)
   br i1 %493, label %494, label %496
   Transition: if (%493): LEGUP_F_main_BB__494_308 default: LEGUP_F_main_BB__496_309
state: LEGUP_F_main_BB__494_308
   %495 = call i32 (i8*, ...)* @printf(i8* getelementptr inbounds ([14 x i8]* @.str1, i32 0, i32 0)) #1 (endState: LEGUP_F_main_BB__494_308)
   br label %498
   Transition: default: LEGUP_F_main_BB__498_310
state: LEGUP_F_main_BB__496_309
   %497 = call i32 (i8*, ...)* @printf(i8* getelementptr inbounds ([14 x i8]* @.str2, i32 0, i32 0)) #1 (endState: LEGUP_F_main_BB__496_309)
   br label %498
   Transition: default: LEGUP_F_main_BB__498_310
state: LEGUP_F_main_BB__498_310
   ret i32 %main_result.2
   Transition: default: LEGUP_0

Basic Block: %0 Num States: 1
Basic Block: %quantl.exit.i.i Num States: 7
Basic Block: %97 Num States: 1
Basic Block: %logscl.exit.i24.i Num States: 3
Basic Block: %.preheader45.preheader Num States: 1
Basic Block: %1 Num States: 1
Basic Block: %.preheader49.preheader Num States: 1
Basic Block: %3 Num States: 3
Basic Block: %.preheader49 Num States: 1
Basic Block: %.preheader48.preheader Num States: 1
Basic Block: %6 Num States: 3
Basic Block: %.preheader48 Num States: 1
Basic Block: %.preheader47.preheader Num States: 1
Basic Block: %9 Num States: 2
Basic Block: %.preheader47 Num States: 1
Basic Block: %reset.exit.i.preheader Num States: 1
Basic Block: %12 Num States: 2
Basic Block: %reset.exit.i Num States: 1
Basic Block: %14 Num States: 4
Basic Block: %22 Num States: 1
Basic Block: %27 Num States: 5
Basic Block: %37 Num States: 3
Basic Block: %40 Num States: 1
Basic Block: %42 Num States: 5
Basic Block: %47 Num States: 5
Basic Block: %52 Num States: 1
Basic Block: %53 Num States: 4
Basic Block: %filtez.exit.i23.i Num States: 2
Basic Block: %76 Num States: 1
Basic Block: %79 Num States: 4
Basic Block: %84 Num States: 1
Basic Block: %.preheader44.preheader Num States: 1
Basic Block: %.preheader44 Num States: 1
Basic Block: %110 Num States: 5
Basic Block: %.preheader45 Num States: 1
Basic Block: %116 Num States: 5
Basic Block: %upzero.exit.loopexit Num States: 1
Basic Block: %upzero.exit.loopexit4 Num States: 1
Basic Block: %upzero.exit Num States: 5
Basic Block: %143 Num States: 1
Basic Block: %uppol2.exit34 Num States: 4
Basic Block: %156 Num States: 1
Basic Block: %157 Num States: 4
Basic Block: %filtez.exit8.i26.i Num States: 7
Basic Block: %191 Num States: 1
Basic Block: %logsch.exit.i27.i Num States: 3
Basic Block: %.preheader42.preheader Num States: 1
Basic Block: %.preheader41.preheader Num States: 1
Basic Block: %.preheader41 Num States: 1
Basic Block: %204 Num States: 5
Basic Block: %.preheader42 Num States: 1
Basic Block: %210 Num States: 5
Basic Block: %upzero.exit29.loopexit Num States: 1
Basic Block: %upzero.exit29.loopexit3 Num States: 1
Basic Block: %upzero.exit29 Num States: 5
Basic Block: %237 Num States: 1
Basic Block: %uppol2.exit23 Num States: 34
Basic Block: %254 Num States: 1
Basic Block: %256 Num States: 1
Basic Block: %adpcm_main.exit.preheader Num States: 1
Basic Block: %258 Num States: 35
Basic Block: %265 Num States: 1
Basic Block: %266 Num States: 4
Basic Block: %filtez.exit.i.i Num States: 4
Basic Block: %296 Num States: 1
Basic Block: %logscl.exit.i.i Num States: 3
Basic Block: %.preheader39.preheader Num States: 1
Basic Block: %.preheader38.preheader Num States: 1
Basic Block: %.preheader38 Num States: 1
Basic Block: %309 Num States: 5
Basic Block: %.preheader39 Num States: 1
Basic Block: %315 Num States: 5
Basic Block: %upzero.exit18.loopexit Num States: 1
Basic Block: %upzero.exit18.loopexit2 Num States: 1
Basic Block: %upzero.exit18 Num States: 5
Basic Block: %342 Num States: 1
Basic Block: %uppol2.exit12 Num States: 4
Basic Block: %355 Num States: 1
Basic Block: %356 Num States: 4
Basic Block: %filtez.exit8.i.i Num States: 4
Basic Block: %382 Num States: 1
Basic Block: %logsch.exit.i.i Num States: 3
Basic Block: %.preheader36.preheader Num States: 1
Basic Block: %.preheader35.preheader Num States: 1
Basic Block: %.preheader35 Num States: 1
Basic Block: %395 Num States: 5
Basic Block: %.preheader36 Num States: 1
Basic Block: %401 Num States: 5
Basic Block: %upzero.exit7.loopexit Num States: 1
Basic Block: %upzero.exit7.loopexit1 Num States: 1
Basic Block: %upzero.exit7 Num States: 5
Basic Block: %428 Num States: 1
Basic Block: %uppol2.exit Num States: 2
Basic Block: %443 Num States: 1
Basic Block: %446 Num States: 6
Basic Block: %458 Num States: 3
Basic Block: %462 Num States: 1
Basic Block: %466 Num States: 4
Basic Block: %decode.exit.i Num States: 3
Basic Block: %adpcm_main.exit Num States: 1
Basic Block: %.preheader.preheader Num States: 1
Basic Block: %478 Num States: 3
Basic Block: %.preheader Num States: 1
Basic Block: %485 Num States: 3
Basic Block: %491 Num States: 1
Basic Block: %494 Num States: 1
Basic Block: %496 Num States: 1
Basic Block: %498 Num States: 1
End Function: main
--------------------------------------------------------------------------------

