//----------------------------------------------------------------------------//
// Generated by LegUp High-Level Synthesis Tool Version 4.0 (http://legup.org)
// Compiled: Tue Aug 29 18:59:51 2023
// University of Toronto
// For research and academic purposes only. Commercial use is prohibited.
// Please send bugs to: legup@eecg.toronto.edu
// Date: Thu Sep 21 15:35:49 2023
//----------------------------------------------------------------------------//

-----------------Function: main---------------
-------------------------1---------------------------
-----------------Delay of path:20.00 ns---------------
-----------------State:LEGUP_F_main_BB_quantlexitii_57-----------------
(20.00 ns) --- (20.00 ns) ---   %quant26bt_pos.quant26bt_neg = select i1 %74, [31 x i32]* @quant26bt_pos, [31 x i32]* @quant26bt_neg

-----------------Function: main---------------
-------------------------2---------------------------
-----------------Delay of path:20.00 ns---------------
-----------------State:LEGUP_F_main_BB_uppol2exit23_132-----------------
(20.00 ns) --- (20.00 ns) ---   %252 = sdiv i32 %i.i.0, 2

-----------------Function: main---------------
-------------------------3---------------------------
-----------------Delay of path:20.00 ns---------------
-----------------State:LEGUP_F_main_BB__258_169-----------------
(20.00 ns) --- (20.00 ns) ---   %259 = sdiv i32 %i.i.1, 2

-----------------Function: main---------------
-------------------------4---------------------------
-----------------Delay of path:17.64 ns---------------
-----------------State:LEGUP_F_main_BB_filtezexit8i26i_100-----------------
(2.50 ns) --- (2.50 ns) ---   %170 = add nsw i32 %167, %169
(0.00 ns) --- (2.50 ns) ---   %171 = ashr i32 %170, 15
(2.50 ns) --- (4.99 ns) ---   %172 = add nsw i32 %171, %165
(2.40 ns) --- (7.40 ns) ---   %173 = sub nsw i32 %64, %172
(3.13 ns) --- (10.53 ns) ---   %174 = icmp sgt i32 %173, -1
(3.99 ns) --- (14.51 ns) ---   %m.i.i.i.0 = select i1 %174, i32 %173, i32 %177
(3.13 ns) --- (17.64 ns) ---   %180 = icmp sgt i32 %m.i.i.i.0, %176

-----------------Function: main---------------
-------------------------5---------------------------
-----------------Delay of path:16.97 ns---------------
-----------------State:LEGUP_F_main_BB_uppol2exit23_133-----------------
(0.00 ns) --- (0.00 ns) ---   %241 = ashr i32 %240, 8
(2.50 ns) --- (2.50 ns) ---   %apl1.i.i18.i.0 = add nsw i32 %241, %244
(3.13 ns) --- (5.63 ns) ---   %246 = icmp sgt i32 %apl1.i.i18.i.0, %245
(3.99 ns) --- (9.62 ns) ---   %.apl1.i.i18.i.0 = select i1 %246, i32 %245, i32 %apl1.i.i18.i.0
(3.36 ns) --- (12.98 ns) ---   %248 = icmp slt i32 %.apl1.i.i18.i.0, %247
(3.99 ns) --- (16.97 ns) ---   %apl1.i.i18.i.2 = select i1 %248, i32 %247, i32 %.apl1.i.i18.i.0

-----------------Function: main---------------
-------------------------6---------------------------
-----------------Delay of path:16.97 ns---------------
-----------------State:LEGUP_F_main_BB_uppol2exit23_133-----------------
(2.50 ns) --- (2.50 ns) ---   %apl1.i.i18.i.0 = add nsw i32 %241, %244
(3.13 ns) --- (5.63 ns) ---   %246 = icmp sgt i32 %apl1.i.i18.i.0, %245
(3.99 ns) --- (9.62 ns) ---   %.apl1.i.i18.i.0 = select i1 %246, i32 %245, i32 %apl1.i.i18.i.0
(3.36 ns) --- (12.98 ns) ---   %248 = icmp slt i32 %.apl1.i.i18.i.0, %247
(3.99 ns) --- (16.97 ns) ---   %apl1.i.i18.i.2 = select i1 %248, i32 %247, i32 %.apl1.i.i18.i.0

-----------------Function: main---------------
-------------------------7---------------------------
-----------------Delay of path:16.92 ns---------------
-----------------State:LEGUP_F_main_BB_filtezexit8i26i_100-----------------
(2.50 ns) --- (2.50 ns) ---   %170 = add nsw i32 %167, %169
(0.00 ns) --- (2.50 ns) ---   %171 = ashr i32 %170, 15
(2.50 ns) --- (4.99 ns) ---   %172 = add nsw i32 %171, %165
(2.40 ns) --- (7.40 ns) ---   %173 = sub nsw i32 %64, %172
(2.40 ns) --- (9.80 ns) ---   %177 = sub nsw i32 0, %173
(3.99 ns) --- (13.79 ns) ---   %m.i.i.i.0 = select i1 %174, i32 %173, i32 %177
(3.13 ns) --- (16.92 ns) ---   %180 = icmp sgt i32 %m.i.i.i.0, %176

-----------------Function: main---------------
-------------------------8---------------------------
-----------------Delay of path:15.24 ns---------------
-----------------State:LEGUP_F_main_BB_upzeroexit_85-----------------
(3.13 ns) --- (3.13 ns) ---   %132 = icmp sgt i32 %131, -1
(3.99 ns) --- (7.12 ns) ---   %..i30 = select i1 %132, i32 %133, i32 %130
(0.00 ns) --- (7.12 ns) ---   %134 = ashr i32 %..i30, 7
(2.50 ns) --- (9.62 ns) ---   %wd4.0.i31 = add nsw i32 %134, %138
(2.50 ns) --- (12.11 ns) ---   %141 = add nsw i32 %wd4.0.i31, %140
(3.13 ns) --- (15.24 ns) ---   %142 = icmp sgt i32 %141, 12288
(0.00 ns) --- (15.24 ns) ---   br i1 %142, label %uppol2.exit34, label %143

-----------------Function: main---------------
-------------------------9---------------------------
-----------------Delay of path:15.24 ns---------------
-----------------State:LEGUP_F_main_BB_upzeroexit29_127-----------------
(3.13 ns) --- (3.13 ns) ---   %226 = icmp sgt i32 %225, -1
(3.99 ns) --- (7.12 ns) ---   %..i19 = select i1 %226, i32 %227, i32 %224
(0.00 ns) --- (7.12 ns) ---   %228 = ashr i32 %..i19, 7
(2.50 ns) --- (9.62 ns) ---   %wd4.0.i20 = add nsw i32 %228, %232
(2.50 ns) --- (12.11 ns) ---   %235 = add nsw i32 %wd4.0.i20, %234
(3.13 ns) --- (15.24 ns) ---   %236 = icmp sgt i32 %235, 12288
(0.00 ns) --- (15.24 ns) ---   br i1 %236, label %uppol2.exit23, label %237

-----------------Function: main---------------
-------------------------10---------------------------
-----------------Delay of path:15.24 ns---------------
-----------------State:LEGUP_F_main_BB_upzeroexit18_234-----------------
(3.13 ns) --- (3.13 ns) ---   %331 = icmp sgt i32 %330, -1
(3.99 ns) --- (7.12 ns) ---   %..i8 = select i1 %331, i32 %332, i32 %329
(0.00 ns) --- (7.12 ns) ---   %333 = ashr i32 %..i8, 7
(2.50 ns) --- (9.62 ns) ---   %wd4.0.i9 = add nsw i32 %333, %337
(2.50 ns) --- (12.11 ns) ---   %340 = add nsw i32 %wd4.0.i9, %339
(3.13 ns) --- (15.24 ns) ---   %341 = icmp sgt i32 %340, 12288
(0.00 ns) --- (15.24 ns) ---   br i1 %341, label %uppol2.exit12, label %342


